[2022-07-26 21:07:55,413] {processor.py:153} INFO - Started process (PID=56) to work on /home/airflow/.local/lib/python3.7/site-packages/airflow/example_dags/example_latest_only.py
[2022-07-26 21:07:55,415] {processor.py:641} INFO - Processing file /home/airflow/.local/lib/python3.7/site-packages/airflow/example_dags/example_latest_only.py for tasks to queue
[2022-07-26 21:07:55,417] {logging_mixin.py:115} INFO - [2022-07-26 21:07:55,417] {dagbag.py:508} INFO - Filling up the DagBag from /home/airflow/.local/lib/python3.7/site-packages/airflow/example_dags/example_latest_only.py
[2022-07-26 21:07:55,429] {processor.py:651} INFO - DAG(s) dict_keys(['latest_only']) retrieved from /home/airflow/.local/lib/python3.7/site-packages/airflow/example_dags/example_latest_only.py
[2022-07-26 21:07:55,616] {logging_mixin.py:115} INFO - [2022-07-26 21:07:55,616] {manager.py:508} INFO - Created Permission View: can delete on DAG:latest_only
[2022-07-26 21:07:55,699] {logging_mixin.py:115} INFO - [2022-07-26 21:07:55,699] {manager.py:508} INFO - Created Permission View: can edit on DAG:latest_only
[2022-07-26 21:07:55,773] {logging_mixin.py:115} INFO - [2022-07-26 21:07:55,773] {manager.py:508} INFO - Created Permission View: can read on DAG:latest_only
[2022-07-26 21:07:55,775] {logging_mixin.py:115} INFO - [2022-07-26 21:07:55,775] {dag.py:2420} INFO - Sync 1 DAGs
[2022-07-26 21:07:55,789] {logging_mixin.py:115} INFO - [2022-07-26 21:07:55,788] {dag.py:2439} INFO - Creating ORM DAG for latest_only
[2022-07-26 21:07:55,804] {logging_mixin.py:115} INFO - [2022-07-26 21:07:55,804] {dag.py:2972} INFO - Setting next_dagrun for latest_only to 2022-07-26T17:07:55.804023+00:00, run_after=2022-07-26T21:07:55.804023+00:00
[2022-07-26 21:07:55,958] {processor.py:161} INFO - Processing /home/airflow/.local/lib/python3.7/site-packages/airflow/example_dags/example_latest_only.py took 0.552 seconds
[2022-07-26 21:08:26,669] {processor.py:153} INFO - Started process (PID=108) to work on /home/airflow/.local/lib/python3.7/site-packages/airflow/example_dags/example_latest_only.py
[2022-07-26 21:08:26,670] {processor.py:641} INFO - Processing file /home/airflow/.local/lib/python3.7/site-packages/airflow/example_dags/example_latest_only.py for tasks to queue
[2022-07-26 21:08:26,670] {logging_mixin.py:115} INFO - [2022-07-26 21:08:26,670] {dagbag.py:508} INFO - Filling up the DagBag from /home/airflow/.local/lib/python3.7/site-packages/airflow/example_dags/example_latest_only.py
[2022-07-26 21:08:26,678] {processor.py:651} INFO - DAG(s) dict_keys(['latest_only']) retrieved from /home/airflow/.local/lib/python3.7/site-packages/airflow/example_dags/example_latest_only.py
[2022-07-26 21:08:26,711] {logging_mixin.py:115} INFO - [2022-07-26 21:08:26,711] {dag.py:2420} INFO - Sync 1 DAGs
[2022-07-26 21:08:26,739] {logging_mixin.py:115} INFO - [2022-07-26 21:08:26,739] {dag.py:2972} INFO - Setting next_dagrun for latest_only to 2022-07-26T17:08:26.738982+00:00, run_after=2022-07-26T21:08:26.738982+00:00
[2022-07-26 21:08:26,882] {processor.py:161} INFO - Processing /home/airflow/.local/lib/python3.7/site-packages/airflow/example_dags/example_latest_only.py took 0.216 seconds
[2022-07-26 21:08:57,457] {processor.py:153} INFO - Started process (PID=170) to work on /home/airflow/.local/lib/python3.7/site-packages/airflow/example_dags/example_latest_only.py
[2022-07-26 21:08:57,458] {processor.py:641} INFO - Processing file /home/airflow/.local/lib/python3.7/site-packages/airflow/example_dags/example_latest_only.py for tasks to queue
[2022-07-26 21:08:57,459] {logging_mixin.py:115} INFO - [2022-07-26 21:08:57,459] {dagbag.py:508} INFO - Filling up the DagBag from /home/airflow/.local/lib/python3.7/site-packages/airflow/example_dags/example_latest_only.py
[2022-07-26 21:08:57,465] {processor.py:651} INFO - DAG(s) dict_keys(['latest_only']) retrieved from /home/airflow/.local/lib/python3.7/site-packages/airflow/example_dags/example_latest_only.py
[2022-07-26 21:08:57,501] {logging_mixin.py:115} INFO - [2022-07-26 21:08:57,501] {dag.py:2420} INFO - Sync 1 DAGs
[2022-07-26 21:08:57,534] {logging_mixin.py:115} INFO - [2022-07-26 21:08:57,534] {dag.py:2972} INFO - Setting next_dagrun for latest_only to 2022-07-26T17:08:57.532988+00:00, run_after=2022-07-26T21:08:57.532988+00:00
[2022-07-26 21:08:57,573] {processor.py:161} INFO - Processing /home/airflow/.local/lib/python3.7/site-packages/airflow/example_dags/example_latest_only.py took 0.119 seconds
[2022-07-26 21:09:27,836] {processor.py:153} INFO - Started process (PID=223) to work on /home/airflow/.local/lib/python3.7/site-packages/airflow/example_dags/example_latest_only.py
[2022-07-26 21:09:27,836] {processor.py:641} INFO - Processing file /home/airflow/.local/lib/python3.7/site-packages/airflow/example_dags/example_latest_only.py for tasks to queue
[2022-07-26 21:09:27,837] {logging_mixin.py:115} INFO - [2022-07-26 21:09:27,837] {dagbag.py:508} INFO - Filling up the DagBag from /home/airflow/.local/lib/python3.7/site-packages/airflow/example_dags/example_latest_only.py
[2022-07-26 21:09:27,846] {processor.py:651} INFO - DAG(s) dict_keys(['latest_only']) retrieved from /home/airflow/.local/lib/python3.7/site-packages/airflow/example_dags/example_latest_only.py
[2022-07-26 21:09:27,880] {logging_mixin.py:115} INFO - [2022-07-26 21:09:27,880] {dag.py:2420} INFO - Sync 1 DAGs
[2022-07-26 21:09:27,911] {logging_mixin.py:115} INFO - [2022-07-26 21:09:27,911] {dag.py:2972} INFO - Setting next_dagrun for latest_only to 2022-07-26T17:09:27.911037+00:00, run_after=2022-07-26T21:09:27.911037+00:00
[2022-07-26 21:09:27,963] {processor.py:161} INFO - Processing /home/airflow/.local/lib/python3.7/site-packages/airflow/example_dags/example_latest_only.py took 0.131 seconds
[2022-07-26 21:09:58,466] {processor.py:153} INFO - Started process (PID=285) to work on /home/airflow/.local/lib/python3.7/site-packages/airflow/example_dags/example_latest_only.py
[2022-07-26 21:09:58,466] {processor.py:641} INFO - Processing file /home/airflow/.local/lib/python3.7/site-packages/airflow/example_dags/example_latest_only.py for tasks to queue
[2022-07-26 21:09:58,467] {logging_mixin.py:115} INFO - [2022-07-26 21:09:58,467] {dagbag.py:508} INFO - Filling up the DagBag from /home/airflow/.local/lib/python3.7/site-packages/airflow/example_dags/example_latest_only.py
[2022-07-26 21:09:58,472] {processor.py:651} INFO - DAG(s) dict_keys(['latest_only']) retrieved from /home/airflow/.local/lib/python3.7/site-packages/airflow/example_dags/example_latest_only.py
[2022-07-26 21:09:58,507] {logging_mixin.py:115} INFO - [2022-07-26 21:09:58,507] {dag.py:2420} INFO - Sync 1 DAGs
[2022-07-26 21:09:58,536] {logging_mixin.py:115} INFO - [2022-07-26 21:09:58,536] {dag.py:2972} INFO - Setting next_dagrun for latest_only to 2022-07-26T17:09:58.536200+00:00, run_after=2022-07-26T21:09:58.536200+00:00
[2022-07-26 21:09:58,581] {processor.py:161} INFO - Processing /home/airflow/.local/lib/python3.7/site-packages/airflow/example_dags/example_latest_only.py took 0.119 seconds
[2022-07-26 21:10:29,258] {processor.py:153} INFO - Started process (PID=346) to work on /home/airflow/.local/lib/python3.7/site-packages/airflow/example_dags/example_latest_only.py
[2022-07-26 21:10:29,259] {processor.py:641} INFO - Processing file /home/airflow/.local/lib/python3.7/site-packages/airflow/example_dags/example_latest_only.py for tasks to queue
[2022-07-26 21:10:29,260] {logging_mixin.py:115} INFO - [2022-07-26 21:10:29,260] {dagbag.py:508} INFO - Filling up the DagBag from /home/airflow/.local/lib/python3.7/site-packages/airflow/example_dags/example_latest_only.py
[2022-07-26 21:10:29,265] {processor.py:651} INFO - DAG(s) dict_keys(['latest_only']) retrieved from /home/airflow/.local/lib/python3.7/site-packages/airflow/example_dags/example_latest_only.py
[2022-07-26 21:10:29,298] {logging_mixin.py:115} INFO - [2022-07-26 21:10:29,298] {dag.py:2420} INFO - Sync 1 DAGs
[2022-07-26 21:10:29,323] {logging_mixin.py:115} INFO - [2022-07-26 21:10:29,323] {dag.py:2972} INFO - Setting next_dagrun for latest_only to 2022-07-26T17:10:29.322520+00:00, run_after=2022-07-26T21:10:29.322520+00:00
[2022-07-26 21:10:29,352] {processor.py:161} INFO - Processing /home/airflow/.local/lib/python3.7/site-packages/airflow/example_dags/example_latest_only.py took 0.097 seconds
[2022-07-26 21:10:59,761] {processor.py:153} INFO - Started process (PID=399) to work on /home/airflow/.local/lib/python3.7/site-packages/airflow/example_dags/example_latest_only.py
[2022-07-26 21:10:59,763] {processor.py:641} INFO - Processing file /home/airflow/.local/lib/python3.7/site-packages/airflow/example_dags/example_latest_only.py for tasks to queue
[2022-07-26 21:10:59,765] {logging_mixin.py:115} INFO - [2022-07-26 21:10:59,765] {dagbag.py:508} INFO - Filling up the DagBag from /home/airflow/.local/lib/python3.7/site-packages/airflow/example_dags/example_latest_only.py
[2022-07-26 21:10:59,772] {processor.py:651} INFO - DAG(s) dict_keys(['latest_only']) retrieved from /home/airflow/.local/lib/python3.7/site-packages/airflow/example_dags/example_latest_only.py
[2022-07-26 21:10:59,809] {logging_mixin.py:115} INFO - [2022-07-26 21:10:59,809] {dag.py:2420} INFO - Sync 1 DAGs
[2022-07-26 21:10:59,843] {logging_mixin.py:115} INFO - [2022-07-26 21:10:59,843] {dag.py:2972} INFO - Setting next_dagrun for latest_only to 2022-07-26T17:10:59.842669+00:00, run_after=2022-07-26T21:10:59.842669+00:00
[2022-07-26 21:10:59,886] {processor.py:161} INFO - Processing /home/airflow/.local/lib/python3.7/site-packages/airflow/example_dags/example_latest_only.py took 0.129 seconds
