[2022-07-26 21:07:56,339] {processor.py:153} INFO - Started process (PID=60) to work on /home/airflow/.local/lib/python3.7/site-packages/airflow/example_dags/example_branch_operator.py
[2022-07-26 21:07:56,341] {processor.py:641} INFO - Processing file /home/airflow/.local/lib/python3.7/site-packages/airflow/example_dags/example_branch_operator.py for tasks to queue
[2022-07-26 21:07:56,342] {logging_mixin.py:115} INFO - [2022-07-26 21:07:56,342] {dagbag.py:508} INFO - Filling up the DagBag from /home/airflow/.local/lib/python3.7/site-packages/airflow/example_dags/example_branch_operator.py
[2022-07-26 21:07:56,358] {processor.py:651} INFO - DAG(s) dict_keys(['example_branch_operator']) retrieved from /home/airflow/.local/lib/python3.7/site-packages/airflow/example_dags/example_branch_operator.py
[2022-07-26 21:07:56,512] {logging_mixin.py:115} INFO - [2022-07-26 21:07:56,511] {manager.py:508} INFO - Created Permission View: can delete on DAG:example_branch_operator
[2022-07-26 21:07:56,543] {logging_mixin.py:115} INFO - [2022-07-26 21:07:56,543] {manager.py:508} INFO - Created Permission View: can edit on DAG:example_branch_operator
[2022-07-26 21:07:56,574] {logging_mixin.py:115} INFO - [2022-07-26 21:07:56,574] {manager.py:508} INFO - Created Permission View: can read on DAG:example_branch_operator
[2022-07-26 21:07:56,575] {logging_mixin.py:115} INFO - [2022-07-26 21:07:56,575] {dag.py:2420} INFO - Sync 1 DAGs
[2022-07-26 21:07:56,588] {logging_mixin.py:115} INFO - [2022-07-26 21:07:56,587] {dag.py:2439} INFO - Creating ORM DAG for example_branch_operator
[2022-07-26 21:07:56,609] {logging_mixin.py:115} INFO - [2022-07-26 21:07:56,609] {dag.py:2972} INFO - Setting next_dagrun for example_branch_operator to 2022-07-25T00:00:00+00:00, run_after=2022-07-26T00:00:00+00:00
[2022-07-26 21:07:56,646] {processor.py:161} INFO - Processing /home/airflow/.local/lib/python3.7/site-packages/airflow/example_dags/example_branch_operator.py took 0.315 seconds
[2022-07-26 21:08:27,111] {processor.py:153} INFO - Started process (PID=112) to work on /home/airflow/.local/lib/python3.7/site-packages/airflow/example_dags/example_branch_operator.py
[2022-07-26 21:08:27,113] {processor.py:641} INFO - Processing file /home/airflow/.local/lib/python3.7/site-packages/airflow/example_dags/example_branch_operator.py for tasks to queue
[2022-07-26 21:08:27,114] {logging_mixin.py:115} INFO - [2022-07-26 21:08:27,114] {dagbag.py:508} INFO - Filling up the DagBag from /home/airflow/.local/lib/python3.7/site-packages/airflow/example_dags/example_branch_operator.py
[2022-07-26 21:08:27,131] {processor.py:651} INFO - DAG(s) dict_keys(['example_branch_operator']) retrieved from /home/airflow/.local/lib/python3.7/site-packages/airflow/example_dags/example_branch_operator.py
[2022-07-26 21:08:27,160] {logging_mixin.py:115} INFO - [2022-07-26 21:08:27,160] {dag.py:2420} INFO - Sync 1 DAGs
[2022-07-26 21:08:27,190] {logging_mixin.py:115} INFO - [2022-07-26 21:08:27,190] {dag.py:2972} INFO - Setting next_dagrun for example_branch_operator to 2022-07-25T00:00:00+00:00, run_after=2022-07-26T00:00:00+00:00
[2022-07-26 21:08:27,246] {processor.py:161} INFO - Processing /home/airflow/.local/lib/python3.7/site-packages/airflow/example_dags/example_branch_operator.py took 0.140 seconds
[2022-07-26 21:08:57,757] {processor.py:153} INFO - Started process (PID=174) to work on /home/airflow/.local/lib/python3.7/site-packages/airflow/example_dags/example_branch_operator.py
[2022-07-26 21:08:57,758] {processor.py:641} INFO - Processing file /home/airflow/.local/lib/python3.7/site-packages/airflow/example_dags/example_branch_operator.py for tasks to queue
[2022-07-26 21:08:57,759] {logging_mixin.py:115} INFO - [2022-07-26 21:08:57,759] {dagbag.py:508} INFO - Filling up the DagBag from /home/airflow/.local/lib/python3.7/site-packages/airflow/example_dags/example_branch_operator.py
[2022-07-26 21:08:57,778] {processor.py:651} INFO - DAG(s) dict_keys(['example_branch_operator']) retrieved from /home/airflow/.local/lib/python3.7/site-packages/airflow/example_dags/example_branch_operator.py
[2022-07-26 21:08:57,825] {logging_mixin.py:115} INFO - [2022-07-26 21:08:57,825] {dag.py:2420} INFO - Sync 1 DAGs
[2022-07-26 21:08:57,847] {logging_mixin.py:115} INFO - [2022-07-26 21:08:57,847] {dag.py:2972} INFO - Setting next_dagrun for example_branch_operator to 2022-07-25T00:00:00+00:00, run_after=2022-07-26T00:00:00+00:00
[2022-07-26 21:08:57,883] {processor.py:161} INFO - Processing /home/airflow/.local/lib/python3.7/site-packages/airflow/example_dags/example_branch_operator.py took 0.129 seconds
[2022-07-26 21:09:28,200] {processor.py:153} INFO - Started process (PID=235) to work on /home/airflow/.local/lib/python3.7/site-packages/airflow/example_dags/example_branch_operator.py
[2022-07-26 21:09:28,201] {processor.py:641} INFO - Processing file /home/airflow/.local/lib/python3.7/site-packages/airflow/example_dags/example_branch_operator.py for tasks to queue
[2022-07-26 21:09:28,201] {logging_mixin.py:115} INFO - [2022-07-26 21:09:28,201] {dagbag.py:508} INFO - Filling up the DagBag from /home/airflow/.local/lib/python3.7/site-packages/airflow/example_dags/example_branch_operator.py
[2022-07-26 21:09:28,219] {processor.py:651} INFO - DAG(s) dict_keys(['example_branch_operator']) retrieved from /home/airflow/.local/lib/python3.7/site-packages/airflow/example_dags/example_branch_operator.py
[2022-07-26 21:09:28,264] {logging_mixin.py:115} INFO - [2022-07-26 21:09:28,264] {dag.py:2420} INFO - Sync 1 DAGs
[2022-07-26 21:09:28,304] {logging_mixin.py:115} INFO - [2022-07-26 21:09:28,304] {dag.py:2972} INFO - Setting next_dagrun for example_branch_operator to 2022-07-25T00:00:00+00:00, run_after=2022-07-26T00:00:00+00:00
[2022-07-26 21:09:28,365] {processor.py:161} INFO - Processing /home/airflow/.local/lib/python3.7/site-packages/airflow/example_dags/example_branch_operator.py took 0.168 seconds
[2022-07-26 21:09:58,727] {processor.py:153} INFO - Started process (PID=288) to work on /home/airflow/.local/lib/python3.7/site-packages/airflow/example_dags/example_branch_operator.py
[2022-07-26 21:09:58,728] {processor.py:641} INFO - Processing file /home/airflow/.local/lib/python3.7/site-packages/airflow/example_dags/example_branch_operator.py for tasks to queue
[2022-07-26 21:09:58,729] {logging_mixin.py:115} INFO - [2022-07-26 21:09:58,729] {dagbag.py:508} INFO - Filling up the DagBag from /home/airflow/.local/lib/python3.7/site-packages/airflow/example_dags/example_branch_operator.py
[2022-07-26 21:09:58,740] {processor.py:651} INFO - DAG(s) dict_keys(['example_branch_operator']) retrieved from /home/airflow/.local/lib/python3.7/site-packages/airflow/example_dags/example_branch_operator.py
[2022-07-26 21:09:58,768] {logging_mixin.py:115} INFO - [2022-07-26 21:09:58,768] {dag.py:2420} INFO - Sync 1 DAGs
[2022-07-26 21:09:58,791] {logging_mixin.py:115} INFO - [2022-07-26 21:09:58,790] {dag.py:2972} INFO - Setting next_dagrun for example_branch_operator to 2022-07-25T00:00:00+00:00, run_after=2022-07-26T00:00:00+00:00
[2022-07-26 21:09:58,826] {processor.py:161} INFO - Processing /home/airflow/.local/lib/python3.7/site-packages/airflow/example_dags/example_branch_operator.py took 0.102 seconds
[2022-07-26 21:10:29,549] {processor.py:153} INFO - Started process (PID=350) to work on /home/airflow/.local/lib/python3.7/site-packages/airflow/example_dags/example_branch_operator.py
[2022-07-26 21:10:29,550] {processor.py:641} INFO - Processing file /home/airflow/.local/lib/python3.7/site-packages/airflow/example_dags/example_branch_operator.py for tasks to queue
[2022-07-26 21:10:29,551] {logging_mixin.py:115} INFO - [2022-07-26 21:10:29,551] {dagbag.py:508} INFO - Filling up the DagBag from /home/airflow/.local/lib/python3.7/site-packages/airflow/example_dags/example_branch_operator.py
[2022-07-26 21:10:29,565] {processor.py:651} INFO - DAG(s) dict_keys(['example_branch_operator']) retrieved from /home/airflow/.local/lib/python3.7/site-packages/airflow/example_dags/example_branch_operator.py
[2022-07-26 21:10:29,595] {logging_mixin.py:115} INFO - [2022-07-26 21:10:29,595] {dag.py:2420} INFO - Sync 1 DAGs
[2022-07-26 21:10:29,625] {logging_mixin.py:115} INFO - [2022-07-26 21:10:29,625] {dag.py:2972} INFO - Setting next_dagrun for example_branch_operator to 2022-07-25T00:00:00+00:00, run_after=2022-07-26T00:00:00+00:00
[2022-07-26 21:10:29,656] {processor.py:161} INFO - Processing /home/airflow/.local/lib/python3.7/site-packages/airflow/example_dags/example_branch_operator.py took 0.110 seconds
[2022-07-26 21:11:00,125] {processor.py:153} INFO - Started process (PID=403) to work on /home/airflow/.local/lib/python3.7/site-packages/airflow/example_dags/example_branch_operator.py
[2022-07-26 21:11:00,126] {processor.py:641} INFO - Processing file /home/airflow/.local/lib/python3.7/site-packages/airflow/example_dags/example_branch_operator.py for tasks to queue
[2022-07-26 21:11:00,128] {logging_mixin.py:115} INFO - [2022-07-26 21:11:00,127] {dagbag.py:508} INFO - Filling up the DagBag from /home/airflow/.local/lib/python3.7/site-packages/airflow/example_dags/example_branch_operator.py
[2022-07-26 21:11:00,141] {processor.py:651} INFO - DAG(s) dict_keys(['example_branch_operator']) retrieved from /home/airflow/.local/lib/python3.7/site-packages/airflow/example_dags/example_branch_operator.py
[2022-07-26 21:11:00,184] {logging_mixin.py:115} INFO - [2022-07-26 21:11:00,184] {dag.py:2420} INFO - Sync 1 DAGs
[2022-07-26 21:11:00,213] {logging_mixin.py:115} INFO - [2022-07-26 21:11:00,213] {dag.py:2972} INFO - Setting next_dagrun for example_branch_operator to 2022-07-25T00:00:00+00:00, run_after=2022-07-26T00:00:00+00:00
[2022-07-26 21:11:00,243] {processor.py:161} INFO - Processing /home/airflow/.local/lib/python3.7/site-packages/airflow/example_dags/example_branch_operator.py took 0.121 seconds
