[2022-07-26 21:07:52,576] {processor.py:153} INFO - Started process (PID=47) to work on /home/airflow/.local/lib/python3.7/site-packages/airflow/example_dags/example_branch_operator_decorator.py
[2022-07-26 21:07:52,577] {processor.py:641} INFO - Processing file /home/airflow/.local/lib/python3.7/site-packages/airflow/example_dags/example_branch_operator_decorator.py for tasks to queue
[2022-07-26 21:07:52,578] {logging_mixin.py:115} INFO - [2022-07-26 21:07:52,578] {dagbag.py:508} INFO - Filling up the DagBag from /home/airflow/.local/lib/python3.7/site-packages/airflow/example_dags/example_branch_operator_decorator.py
[2022-07-26 21:07:52,645] {processor.py:651} INFO - DAG(s) dict_keys(['example_branch_python_operator_decorator']) retrieved from /home/airflow/.local/lib/python3.7/site-packages/airflow/example_dags/example_branch_operator_decorator.py
[2022-07-26 21:07:52,808] {logging_mixin.py:115} INFO - [2022-07-26 21:07:52,808] {manager.py:508} INFO - Created Permission View: can delete on DAG:example_branch_python_operator_decorator
[2022-07-26 21:07:52,859] {logging_mixin.py:115} INFO - [2022-07-26 21:07:52,859] {manager.py:508} INFO - Created Permission View: can edit on DAG:example_branch_python_operator_decorator
[2022-07-26 21:07:52,891] {logging_mixin.py:115} INFO - [2022-07-26 21:07:52,891] {manager.py:508} INFO - Created Permission View: can read on DAG:example_branch_python_operator_decorator
[2022-07-26 21:07:52,892] {logging_mixin.py:115} INFO - [2022-07-26 21:07:52,892] {dag.py:2420} INFO - Sync 1 DAGs
[2022-07-26 21:07:52,907] {logging_mixin.py:115} INFO - [2022-07-26 21:07:52,907] {dag.py:2439} INFO - Creating ORM DAG for example_branch_python_operator_decorator
[2022-07-26 21:07:52,941] {logging_mixin.py:115} INFO - [2022-07-26 21:07:52,940] {dag.py:2972} INFO - Setting next_dagrun for example_branch_python_operator_decorator to 2022-07-25T00:00:00+00:00, run_after=2022-07-26T00:00:00+00:00
[2022-07-26 21:07:53,081] {processor.py:161} INFO - Processing /home/airflow/.local/lib/python3.7/site-packages/airflow/example_dags/example_branch_operator_decorator.py took 0.509 seconds
[2022-07-26 21:08:23,955] {processor.py:153} INFO - Started process (PID=99) to work on /home/airflow/.local/lib/python3.7/site-packages/airflow/example_dags/example_branch_operator_decorator.py
[2022-07-26 21:08:23,956] {processor.py:641} INFO - Processing file /home/airflow/.local/lib/python3.7/site-packages/airflow/example_dags/example_branch_operator_decorator.py for tasks to queue
[2022-07-26 21:08:23,957] {logging_mixin.py:115} INFO - [2022-07-26 21:08:23,957] {dagbag.py:508} INFO - Filling up the DagBag from /home/airflow/.local/lib/python3.7/site-packages/airflow/example_dags/example_branch_operator_decorator.py
[2022-07-26 21:08:23,992] {processor.py:651} INFO - DAG(s) dict_keys(['example_branch_python_operator_decorator']) retrieved from /home/airflow/.local/lib/python3.7/site-packages/airflow/example_dags/example_branch_operator_decorator.py
[2022-07-26 21:08:24,043] {logging_mixin.py:115} INFO - [2022-07-26 21:08:24,043] {dag.py:2420} INFO - Sync 1 DAGs
[2022-07-26 21:08:24,071] {logging_mixin.py:115} INFO - [2022-07-26 21:08:24,071] {dag.py:2972} INFO - Setting next_dagrun for example_branch_python_operator_decorator to 2022-07-25T00:00:00+00:00, run_after=2022-07-26T00:00:00+00:00
[2022-07-26 21:08:24,108] {processor.py:161} INFO - Processing /home/airflow/.local/lib/python3.7/site-packages/airflow/example_dags/example_branch_operator_decorator.py took 0.157 seconds
[2022-07-26 21:08:54,452] {processor.py:153} INFO - Started process (PID=161) to work on /home/airflow/.local/lib/python3.7/site-packages/airflow/example_dags/example_branch_operator_decorator.py
[2022-07-26 21:08:54,453] {processor.py:641} INFO - Processing file /home/airflow/.local/lib/python3.7/site-packages/airflow/example_dags/example_branch_operator_decorator.py for tasks to queue
[2022-07-26 21:08:54,454] {logging_mixin.py:115} INFO - [2022-07-26 21:08:54,454] {dagbag.py:508} INFO - Filling up the DagBag from /home/airflow/.local/lib/python3.7/site-packages/airflow/example_dags/example_branch_operator_decorator.py
[2022-07-26 21:08:54,473] {processor.py:651} INFO - DAG(s) dict_keys(['example_branch_python_operator_decorator']) retrieved from /home/airflow/.local/lib/python3.7/site-packages/airflow/example_dags/example_branch_operator_decorator.py
[2022-07-26 21:08:54,503] {logging_mixin.py:115} INFO - [2022-07-26 21:08:54,503] {dag.py:2420} INFO - Sync 1 DAGs
[2022-07-26 21:08:54,527] {logging_mixin.py:115} INFO - [2022-07-26 21:08:54,527] {dag.py:2972} INFO - Setting next_dagrun for example_branch_python_operator_decorator to 2022-07-25T00:00:00+00:00, run_after=2022-07-26T00:00:00+00:00
[2022-07-26 21:08:54,937] {processor.py:161} INFO - Processing /home/airflow/.local/lib/python3.7/site-packages/airflow/example_dags/example_branch_operator_decorator.py took 0.489 seconds
[2022-07-26 21:09:25,321] {processor.py:153} INFO - Started process (PID=214) to work on /home/airflow/.local/lib/python3.7/site-packages/airflow/example_dags/example_branch_operator_decorator.py
[2022-07-26 21:09:25,321] {processor.py:641} INFO - Processing file /home/airflow/.local/lib/python3.7/site-packages/airflow/example_dags/example_branch_operator_decorator.py for tasks to queue
[2022-07-26 21:09:25,322] {logging_mixin.py:115} INFO - [2022-07-26 21:09:25,322] {dagbag.py:508} INFO - Filling up the DagBag from /home/airflow/.local/lib/python3.7/site-packages/airflow/example_dags/example_branch_operator_decorator.py
[2022-07-26 21:09:25,344] {processor.py:651} INFO - DAG(s) dict_keys(['example_branch_python_operator_decorator']) retrieved from /home/airflow/.local/lib/python3.7/site-packages/airflow/example_dags/example_branch_operator_decorator.py
[2022-07-26 21:09:25,370] {logging_mixin.py:115} INFO - [2022-07-26 21:09:25,370] {dag.py:2420} INFO - Sync 1 DAGs
[2022-07-26 21:09:25,395] {logging_mixin.py:115} INFO - [2022-07-26 21:09:25,395] {dag.py:2972} INFO - Setting next_dagrun for example_branch_python_operator_decorator to 2022-07-25T00:00:00+00:00, run_after=2022-07-26T00:00:00+00:00
[2022-07-26 21:09:25,433] {processor.py:161} INFO - Processing /home/airflow/.local/lib/python3.7/site-packages/airflow/example_dags/example_branch_operator_decorator.py took 0.115 seconds
[2022-07-26 21:09:55,572] {processor.py:153} INFO - Started process (PID=276) to work on /home/airflow/.local/lib/python3.7/site-packages/airflow/example_dags/example_branch_operator_decorator.py
[2022-07-26 21:09:55,573] {processor.py:641} INFO - Processing file /home/airflow/.local/lib/python3.7/site-packages/airflow/example_dags/example_branch_operator_decorator.py for tasks to queue
[2022-07-26 21:09:55,573] {logging_mixin.py:115} INFO - [2022-07-26 21:09:55,573] {dagbag.py:508} INFO - Filling up the DagBag from /home/airflow/.local/lib/python3.7/site-packages/airflow/example_dags/example_branch_operator_decorator.py
[2022-07-26 21:09:55,596] {processor.py:651} INFO - DAG(s) dict_keys(['example_branch_python_operator_decorator']) retrieved from /home/airflow/.local/lib/python3.7/site-packages/airflow/example_dags/example_branch_operator_decorator.py
[2022-07-26 21:09:55,626] {logging_mixin.py:115} INFO - [2022-07-26 21:09:55,626] {dag.py:2420} INFO - Sync 1 DAGs
[2022-07-26 21:09:55,654] {logging_mixin.py:115} INFO - [2022-07-26 21:09:55,654] {dag.py:2972} INFO - Setting next_dagrun for example_branch_python_operator_decorator to 2022-07-25T00:00:00+00:00, run_after=2022-07-26T00:00:00+00:00
[2022-07-26 21:09:55,679] {processor.py:161} INFO - Processing /home/airflow/.local/lib/python3.7/site-packages/airflow/example_dags/example_branch_operator_decorator.py took 0.111 seconds
[2022-07-26 21:10:25,767] {processor.py:153} INFO - Started process (PID=328) to work on /home/airflow/.local/lib/python3.7/site-packages/airflow/example_dags/example_branch_operator_decorator.py
[2022-07-26 21:10:25,767] {processor.py:641} INFO - Processing file /home/airflow/.local/lib/python3.7/site-packages/airflow/example_dags/example_branch_operator_decorator.py for tasks to queue
[2022-07-26 21:10:25,768] {logging_mixin.py:115} INFO - [2022-07-26 21:10:25,768] {dagbag.py:508} INFO - Filling up the DagBag from /home/airflow/.local/lib/python3.7/site-packages/airflow/example_dags/example_branch_operator_decorator.py
[2022-07-26 21:10:25,784] {processor.py:651} INFO - DAG(s) dict_keys(['example_branch_python_operator_decorator']) retrieved from /home/airflow/.local/lib/python3.7/site-packages/airflow/example_dags/example_branch_operator_decorator.py
[2022-07-26 21:10:25,813] {logging_mixin.py:115} INFO - [2022-07-26 21:10:25,813] {dag.py:2420} INFO - Sync 1 DAGs
[2022-07-26 21:10:25,833] {logging_mixin.py:115} INFO - [2022-07-26 21:10:25,833] {dag.py:2972} INFO - Setting next_dagrun for example_branch_python_operator_decorator to 2022-07-25T00:00:00+00:00, run_after=2022-07-26T00:00:00+00:00
[2022-07-26 21:10:25,860] {processor.py:161} INFO - Processing /home/airflow/.local/lib/python3.7/site-packages/airflow/example_dags/example_branch_operator_decorator.py took 0.096 seconds
[2022-07-26 21:10:56,188] {processor.py:153} INFO - Started process (PID=390) to work on /home/airflow/.local/lib/python3.7/site-packages/airflow/example_dags/example_branch_operator_decorator.py
[2022-07-26 21:10:56,189] {processor.py:641} INFO - Processing file /home/airflow/.local/lib/python3.7/site-packages/airflow/example_dags/example_branch_operator_decorator.py for tasks to queue
[2022-07-26 21:10:56,190] {logging_mixin.py:115} INFO - [2022-07-26 21:10:56,190] {dagbag.py:508} INFO - Filling up the DagBag from /home/airflow/.local/lib/python3.7/site-packages/airflow/example_dags/example_branch_operator_decorator.py
[2022-07-26 21:10:56,207] {processor.py:651} INFO - DAG(s) dict_keys(['example_branch_python_operator_decorator']) retrieved from /home/airflow/.local/lib/python3.7/site-packages/airflow/example_dags/example_branch_operator_decorator.py
[2022-07-26 21:10:56,234] {logging_mixin.py:115} INFO - [2022-07-26 21:10:56,234] {dag.py:2420} INFO - Sync 1 DAGs
[2022-07-26 21:10:56,255] {logging_mixin.py:115} INFO - [2022-07-26 21:10:56,255] {dag.py:2972} INFO - Setting next_dagrun for example_branch_python_operator_decorator to 2022-07-25T00:00:00+00:00, run_after=2022-07-26T00:00:00+00:00
[2022-07-26 21:10:56,316] {processor.py:161} INFO - Processing /home/airflow/.local/lib/python3.7/site-packages/airflow/example_dags/example_branch_operator_decorator.py took 0.131 seconds
