[2022-07-26 21:07:55,986] {processor.py:153} INFO - Started process (PID=58) to work on /home/airflow/.local/lib/python3.7/site-packages/airflow/example_dags/example_sla_dag.py
[2022-07-26 21:07:55,987] {processor.py:641} INFO - Processing file /home/airflow/.local/lib/python3.7/site-packages/airflow/example_dags/example_sla_dag.py for tasks to queue
[2022-07-26 21:07:55,988] {logging_mixin.py:115} INFO - [2022-07-26 21:07:55,988] {dagbag.py:508} INFO - Filling up the DagBag from /home/airflow/.local/lib/python3.7/site-packages/airflow/example_dags/example_sla_dag.py
[2022-07-26 21:07:56,009] {processor.py:651} INFO - DAG(s) dict_keys(['example_sla_dag']) retrieved from /home/airflow/.local/lib/python3.7/site-packages/airflow/example_dags/example_sla_dag.py
[2022-07-26 21:07:56,154] {logging_mixin.py:115} INFO - [2022-07-26 21:07:56,154] {manager.py:508} INFO - Created Permission View: can delete on DAG:example_sla_dag
[2022-07-26 21:07:56,187] {logging_mixin.py:115} INFO - [2022-07-26 21:07:56,186] {manager.py:508} INFO - Created Permission View: can edit on DAG:example_sla_dag
[2022-07-26 21:07:56,222] {logging_mixin.py:115} INFO - [2022-07-26 21:07:56,222] {manager.py:508} INFO - Created Permission View: can read on DAG:example_sla_dag
[2022-07-26 21:07:56,223] {logging_mixin.py:115} INFO - [2022-07-26 21:07:56,223] {dag.py:2420} INFO - Sync 1 DAGs
[2022-07-26 21:07:56,237] {logging_mixin.py:115} INFO - [2022-07-26 21:07:56,237] {dag.py:2439} INFO - Creating ORM DAG for example_sla_dag
[2022-07-26 21:07:56,258] {logging_mixin.py:115} INFO - [2022-07-26 21:07:56,258] {dag.py:2972} INFO - Setting next_dagrun for example_sla_dag to 2022-07-26T21:04:00+00:00, run_after=2022-07-26T21:06:00+00:00
[2022-07-26 21:07:56,292] {processor.py:161} INFO - Processing /home/airflow/.local/lib/python3.7/site-packages/airflow/example_dags/example_sla_dag.py took 0.310 seconds
[2022-07-26 21:08:26,905] {processor.py:153} INFO - Started process (PID=110) to work on /home/airflow/.local/lib/python3.7/site-packages/airflow/example_dags/example_sla_dag.py
[2022-07-26 21:08:26,906] {processor.py:641} INFO - Processing file /home/airflow/.local/lib/python3.7/site-packages/airflow/example_dags/example_sla_dag.py for tasks to queue
[2022-07-26 21:08:26,907] {logging_mixin.py:115} INFO - [2022-07-26 21:08:26,907] {dagbag.py:508} INFO - Filling up the DagBag from /home/airflow/.local/lib/python3.7/site-packages/airflow/example_dags/example_sla_dag.py
[2022-07-26 21:08:26,949] {processor.py:651} INFO - DAG(s) dict_keys(['example_sla_dag']) retrieved from /home/airflow/.local/lib/python3.7/site-packages/airflow/example_dags/example_sla_dag.py
[2022-07-26 21:08:26,974] {logging_mixin.py:115} INFO - [2022-07-26 21:08:26,974] {dag.py:2420} INFO - Sync 1 DAGs
[2022-07-26 21:08:26,998] {logging_mixin.py:115} INFO - [2022-07-26 21:08:26,998] {dag.py:2972} INFO - Setting next_dagrun for example_sla_dag to 2022-07-26T21:06:00+00:00, run_after=2022-07-26T21:08:00+00:00
[2022-07-26 21:08:27,070] {processor.py:161} INFO - Processing /home/airflow/.local/lib/python3.7/site-packages/airflow/example_dags/example_sla_dag.py took 0.168 seconds
[2022-07-26 21:08:57,616] {processor.py:153} INFO - Started process (PID=172) to work on /home/airflow/.local/lib/python3.7/site-packages/airflow/example_dags/example_sla_dag.py
[2022-07-26 21:08:57,617] {processor.py:641} INFO - Processing file /home/airflow/.local/lib/python3.7/site-packages/airflow/example_dags/example_sla_dag.py for tasks to queue
[2022-07-26 21:08:57,618] {logging_mixin.py:115} INFO - [2022-07-26 21:08:57,618] {dagbag.py:508} INFO - Filling up the DagBag from /home/airflow/.local/lib/python3.7/site-packages/airflow/example_dags/example_sla_dag.py
[2022-07-26 21:08:57,639] {processor.py:651} INFO - DAG(s) dict_keys(['example_sla_dag']) retrieved from /home/airflow/.local/lib/python3.7/site-packages/airflow/example_dags/example_sla_dag.py
[2022-07-26 21:08:57,670] {logging_mixin.py:115} INFO - [2022-07-26 21:08:57,669] {dag.py:2420} INFO - Sync 1 DAGs
[2022-07-26 21:08:57,694] {logging_mixin.py:115} INFO - [2022-07-26 21:08:57,694] {dag.py:2972} INFO - Setting next_dagrun for example_sla_dag to 2022-07-26T21:06:00+00:00, run_after=2022-07-26T21:08:00+00:00
[2022-07-26 21:08:57,735] {processor.py:161} INFO - Processing /home/airflow/.local/lib/python3.7/site-packages/airflow/example_dags/example_sla_dag.py took 0.123 seconds
[2022-07-26 21:09:28,039] {processor.py:153} INFO - Started process (PID=232) to work on /home/airflow/.local/lib/python3.7/site-packages/airflow/example_dags/example_sla_dag.py
[2022-07-26 21:09:28,042] {processor.py:641} INFO - Processing file /home/airflow/.local/lib/python3.7/site-packages/airflow/example_dags/example_sla_dag.py for tasks to queue
[2022-07-26 21:09:28,044] {logging_mixin.py:115} INFO - [2022-07-26 21:09:28,044] {dagbag.py:508} INFO - Filling up the DagBag from /home/airflow/.local/lib/python3.7/site-packages/airflow/example_dags/example_sla_dag.py
[2022-07-26 21:09:28,064] {processor.py:651} INFO - DAG(s) dict_keys(['example_sla_dag']) retrieved from /home/airflow/.local/lib/python3.7/site-packages/airflow/example_dags/example_sla_dag.py
[2022-07-26 21:09:28,096] {logging_mixin.py:115} INFO - [2022-07-26 21:09:28,096] {dag.py:2420} INFO - Sync 1 DAGs
[2022-07-26 21:09:28,133] {logging_mixin.py:115} INFO - [2022-07-26 21:09:28,133] {dag.py:2972} INFO - Setting next_dagrun for example_sla_dag to 2022-07-26T21:06:00+00:00, run_after=2022-07-26T21:08:00+00:00
[2022-07-26 21:09:28,168] {processor.py:161} INFO - Processing /home/airflow/.local/lib/python3.7/site-packages/airflow/example_dags/example_sla_dag.py took 0.133 seconds
[2022-07-26 21:09:58,642] {processor.py:153} INFO - Started process (PID=287) to work on /home/airflow/.local/lib/python3.7/site-packages/airflow/example_dags/example_sla_dag.py
[2022-07-26 21:09:58,643] {processor.py:641} INFO - Processing file /home/airflow/.local/lib/python3.7/site-packages/airflow/example_dags/example_sla_dag.py for tasks to queue
[2022-07-26 21:09:58,644] {logging_mixin.py:115} INFO - [2022-07-26 21:09:58,644] {dagbag.py:508} INFO - Filling up the DagBag from /home/airflow/.local/lib/python3.7/site-packages/airflow/example_dags/example_sla_dag.py
[2022-07-26 21:09:58,661] {processor.py:651} INFO - DAG(s) dict_keys(['example_sla_dag']) retrieved from /home/airflow/.local/lib/python3.7/site-packages/airflow/example_dags/example_sla_dag.py
[2022-07-26 21:09:58,685] {logging_mixin.py:115} INFO - [2022-07-26 21:09:58,685] {dag.py:2420} INFO - Sync 1 DAGs
[2022-07-26 21:09:58,708] {logging_mixin.py:115} INFO - [2022-07-26 21:09:58,708] {dag.py:2972} INFO - Setting next_dagrun for example_sla_dag to 2022-07-26T21:06:00+00:00, run_after=2022-07-26T21:08:00+00:00
[2022-07-26 21:09:58,744] {processor.py:161} INFO - Processing /home/airflow/.local/lib/python3.7/site-packages/airflow/example_dags/example_sla_dag.py took 0.105 seconds
[2022-07-26 21:10:29,401] {processor.py:153} INFO - Started process (PID=348) to work on /home/airflow/.local/lib/python3.7/site-packages/airflow/example_dags/example_sla_dag.py
[2022-07-26 21:10:29,402] {processor.py:641} INFO - Processing file /home/airflow/.local/lib/python3.7/site-packages/airflow/example_dags/example_sla_dag.py for tasks to queue
[2022-07-26 21:10:29,403] {logging_mixin.py:115} INFO - [2022-07-26 21:10:29,403] {dagbag.py:508} INFO - Filling up the DagBag from /home/airflow/.local/lib/python3.7/site-packages/airflow/example_dags/example_sla_dag.py
[2022-07-26 21:10:29,420] {processor.py:651} INFO - DAG(s) dict_keys(['example_sla_dag']) retrieved from /home/airflow/.local/lib/python3.7/site-packages/airflow/example_dags/example_sla_dag.py
[2022-07-26 21:10:29,443] {logging_mixin.py:115} INFO - [2022-07-26 21:10:29,443] {dag.py:2420} INFO - Sync 1 DAGs
[2022-07-26 21:10:29,467] {logging_mixin.py:115} INFO - [2022-07-26 21:10:29,467] {dag.py:2972} INFO - Setting next_dagrun for example_sla_dag to 2022-07-26T21:08:00+00:00, run_after=2022-07-26T21:10:00+00:00
[2022-07-26 21:10:29,526] {processor.py:161} INFO - Processing /home/airflow/.local/lib/python3.7/site-packages/airflow/example_dags/example_sla_dag.py took 0.128 seconds
[2022-07-26 21:10:59,958] {processor.py:153} INFO - Started process (PID=401) to work on /home/airflow/.local/lib/python3.7/site-packages/airflow/example_dags/example_sla_dag.py
[2022-07-26 21:10:59,959] {processor.py:641} INFO - Processing file /home/airflow/.local/lib/python3.7/site-packages/airflow/example_dags/example_sla_dag.py for tasks to queue
[2022-07-26 21:10:59,961] {logging_mixin.py:115} INFO - [2022-07-26 21:10:59,960] {dagbag.py:508} INFO - Filling up the DagBag from /home/airflow/.local/lib/python3.7/site-packages/airflow/example_dags/example_sla_dag.py
[2022-07-26 21:10:59,987] {processor.py:651} INFO - DAG(s) dict_keys(['example_sla_dag']) retrieved from /home/airflow/.local/lib/python3.7/site-packages/airflow/example_dags/example_sla_dag.py
[2022-07-26 21:11:00,033] {logging_mixin.py:115} INFO - [2022-07-26 21:11:00,032] {dag.py:2420} INFO - Sync 1 DAGs
[2022-07-26 21:11:00,066] {logging_mixin.py:115} INFO - [2022-07-26 21:11:00,066] {dag.py:2972} INFO - Setting next_dagrun for example_sla_dag to 2022-07-26T21:08:00+00:00, run_after=2022-07-26T21:10:00+00:00
[2022-07-26 21:11:00,103] {processor.py:161} INFO - Processing /home/airflow/.local/lib/python3.7/site-packages/airflow/example_dags/example_sla_dag.py took 0.159 seconds
