[2022-07-26 21:07:57,841] {processor.py:153} INFO - Started process (PID=68) to work on /home/airflow/.local/lib/python3.7/site-packages/airflow/example_dags/example_trigger_controller_dag.py
[2022-07-26 21:07:57,842] {processor.py:641} INFO - Processing file /home/airflow/.local/lib/python3.7/site-packages/airflow/example_dags/example_trigger_controller_dag.py for tasks to queue
[2022-07-26 21:07:57,843] {logging_mixin.py:115} INFO - [2022-07-26 21:07:57,843] {dagbag.py:508} INFO - Filling up the DagBag from /home/airflow/.local/lib/python3.7/site-packages/airflow/example_dags/example_trigger_controller_dag.py
[2022-07-26 21:07:57,848] {processor.py:651} INFO - DAG(s) dict_keys(['example_trigger_controller_dag']) retrieved from /home/airflow/.local/lib/python3.7/site-packages/airflow/example_dags/example_trigger_controller_dag.py
[2022-07-26 21:07:58,032] {logging_mixin.py:115} INFO - [2022-07-26 21:07:58,032] {manager.py:508} INFO - Created Permission View: can delete on DAG:example_trigger_controller_dag
[2022-07-26 21:07:58,111] {logging_mixin.py:115} INFO - [2022-07-26 21:07:58,111] {manager.py:508} INFO - Created Permission View: can edit on DAG:example_trigger_controller_dag
[2022-07-26 21:07:58,150] {logging_mixin.py:115} INFO - [2022-07-26 21:07:58,150] {manager.py:508} INFO - Created Permission View: can read on DAG:example_trigger_controller_dag
[2022-07-26 21:07:58,151] {logging_mixin.py:115} INFO - [2022-07-26 21:07:58,151] {dag.py:2420} INFO - Sync 1 DAGs
[2022-07-26 21:07:58,159] {logging_mixin.py:115} INFO - [2022-07-26 21:07:58,159] {dag.py:2439} INFO - Creating ORM DAG for example_trigger_controller_dag
[2022-07-26 21:07:58,170] {logging_mixin.py:115} INFO - [2022-07-26 21:07:58,170] {dag.py:2972} INFO - Setting next_dagrun for example_trigger_controller_dag to 2021-01-01T00:00:00+00:00, run_after=2021-01-01T00:00:00+00:00
[2022-07-26 21:07:58,210] {processor.py:161} INFO - Processing /home/airflow/.local/lib/python3.7/site-packages/airflow/example_dags/example_trigger_controller_dag.py took 0.373 seconds
[2022-07-26 21:08:29,048] {processor.py:153} INFO - Started process (PID=127) to work on /home/airflow/.local/lib/python3.7/site-packages/airflow/example_dags/example_trigger_controller_dag.py
[2022-07-26 21:08:29,049] {processor.py:641} INFO - Processing file /home/airflow/.local/lib/python3.7/site-packages/airflow/example_dags/example_trigger_controller_dag.py for tasks to queue
[2022-07-26 21:08:29,051] {logging_mixin.py:115} INFO - [2022-07-26 21:08:29,051] {dagbag.py:508} INFO - Filling up the DagBag from /home/airflow/.local/lib/python3.7/site-packages/airflow/example_dags/example_trigger_controller_dag.py
[2022-07-26 21:08:29,072] {processor.py:651} INFO - DAG(s) dict_keys(['example_trigger_controller_dag']) retrieved from /home/airflow/.local/lib/python3.7/site-packages/airflow/example_dags/example_trigger_controller_dag.py
[2022-07-26 21:08:29,123] {logging_mixin.py:115} INFO - [2022-07-26 21:08:29,123] {dag.py:2420} INFO - Sync 1 DAGs
[2022-07-26 21:08:29,156] {logging_mixin.py:115} INFO - [2022-07-26 21:08:29,156] {dag.py:2972} INFO - Setting next_dagrun for example_trigger_controller_dag to 2021-01-01T00:00:00+00:00, run_after=2021-01-01T00:00:00+00:00
[2022-07-26 21:08:29,215] {processor.py:161} INFO - Processing /home/airflow/.local/lib/python3.7/site-packages/airflow/example_dags/example_trigger_controller_dag.py took 0.175 seconds
[2022-07-26 21:08:59,447] {processor.py:153} INFO - Started process (PID=182) to work on /home/airflow/.local/lib/python3.7/site-packages/airflow/example_dags/example_trigger_controller_dag.py
[2022-07-26 21:08:59,451] {processor.py:641} INFO - Processing file /home/airflow/.local/lib/python3.7/site-packages/airflow/example_dags/example_trigger_controller_dag.py for tasks to queue
[2022-07-26 21:08:59,453] {logging_mixin.py:115} INFO - [2022-07-26 21:08:59,453] {dagbag.py:508} INFO - Filling up the DagBag from /home/airflow/.local/lib/python3.7/site-packages/airflow/example_dags/example_trigger_controller_dag.py
[2022-07-26 21:08:59,457] {processor.py:651} INFO - DAG(s) dict_keys(['example_trigger_controller_dag']) retrieved from /home/airflow/.local/lib/python3.7/site-packages/airflow/example_dags/example_trigger_controller_dag.py
[2022-07-26 21:08:59,490] {logging_mixin.py:115} INFO - [2022-07-26 21:08:59,490] {dag.py:2420} INFO - Sync 1 DAGs
[2022-07-26 21:08:59,513] {logging_mixin.py:115} INFO - [2022-07-26 21:08:59,513] {dag.py:2972} INFO - Setting next_dagrun for example_trigger_controller_dag to 2021-01-01T00:00:00+00:00, run_after=2021-01-01T00:00:00+00:00
[2022-07-26 21:08:59,541] {processor.py:161} INFO - Processing /home/airflow/.local/lib/python3.7/site-packages/airflow/example_dags/example_trigger_controller_dag.py took 0.100 seconds
[2022-07-26 21:09:29,878] {processor.py:153} INFO - Started process (PID=245) to work on /home/airflow/.local/lib/python3.7/site-packages/airflow/example_dags/example_trigger_controller_dag.py
[2022-07-26 21:09:29,879] {processor.py:641} INFO - Processing file /home/airflow/.local/lib/python3.7/site-packages/airflow/example_dags/example_trigger_controller_dag.py for tasks to queue
[2022-07-26 21:09:29,881] {logging_mixin.py:115} INFO - [2022-07-26 21:09:29,881] {dagbag.py:508} INFO - Filling up the DagBag from /home/airflow/.local/lib/python3.7/site-packages/airflow/example_dags/example_trigger_controller_dag.py
[2022-07-26 21:09:29,893] {processor.py:651} INFO - DAG(s) dict_keys(['example_trigger_controller_dag']) retrieved from /home/airflow/.local/lib/python3.7/site-packages/airflow/example_dags/example_trigger_controller_dag.py
[2022-07-26 21:09:29,972] {logging_mixin.py:115} INFO - [2022-07-26 21:09:29,972] {dag.py:2420} INFO - Sync 1 DAGs
[2022-07-26 21:09:30,045] {logging_mixin.py:115} INFO - [2022-07-26 21:09:30,045] {dag.py:2972} INFO - Setting next_dagrun for example_trigger_controller_dag to 2021-01-01T00:00:00+00:00, run_after=2021-01-01T00:00:00+00:00
[2022-07-26 21:09:30,132] {processor.py:161} INFO - Processing /home/airflow/.local/lib/python3.7/site-packages/airflow/example_dags/example_trigger_controller_dag.py took 0.263 seconds
[2022-07-26 21:10:00,335] {processor.py:153} INFO - Started process (PID=297) to work on /home/airflow/.local/lib/python3.7/site-packages/airflow/example_dags/example_trigger_controller_dag.py
[2022-07-26 21:10:00,335] {processor.py:641} INFO - Processing file /home/airflow/.local/lib/python3.7/site-packages/airflow/example_dags/example_trigger_controller_dag.py for tasks to queue
[2022-07-26 21:10:00,336] {logging_mixin.py:115} INFO - [2022-07-26 21:10:00,336] {dagbag.py:508} INFO - Filling up the DagBag from /home/airflow/.local/lib/python3.7/site-packages/airflow/example_dags/example_trigger_controller_dag.py
[2022-07-26 21:10:00,339] {processor.py:651} INFO - DAG(s) dict_keys(['example_trigger_controller_dag']) retrieved from /home/airflow/.local/lib/python3.7/site-packages/airflow/example_dags/example_trigger_controller_dag.py
[2022-07-26 21:10:00,369] {logging_mixin.py:115} INFO - [2022-07-26 21:10:00,369] {dag.py:2420} INFO - Sync 1 DAGs
[2022-07-26 21:10:00,393] {logging_mixin.py:115} INFO - [2022-07-26 21:10:00,393] {dag.py:2972} INFO - Setting next_dagrun for example_trigger_controller_dag to 2021-01-01T00:00:00+00:00, run_after=2021-01-01T00:00:00+00:00
[2022-07-26 21:10:00,819] {processor.py:161} INFO - Processing /home/airflow/.local/lib/python3.7/site-packages/airflow/example_dags/example_trigger_controller_dag.py took 0.487 seconds
[2022-07-26 21:10:31,135] {processor.py:153} INFO - Started process (PID=358) to work on /home/airflow/.local/lib/python3.7/site-packages/airflow/example_dags/example_trigger_controller_dag.py
[2022-07-26 21:10:31,137] {processor.py:641} INFO - Processing file /home/airflow/.local/lib/python3.7/site-packages/airflow/example_dags/example_trigger_controller_dag.py for tasks to queue
[2022-07-26 21:10:31,138] {logging_mixin.py:115} INFO - [2022-07-26 21:10:31,138] {dagbag.py:508} INFO - Filling up the DagBag from /home/airflow/.local/lib/python3.7/site-packages/airflow/example_dags/example_trigger_controller_dag.py
[2022-07-26 21:10:31,141] {processor.py:651} INFO - DAG(s) dict_keys(['example_trigger_controller_dag']) retrieved from /home/airflow/.local/lib/python3.7/site-packages/airflow/example_dags/example_trigger_controller_dag.py
[2022-07-26 21:10:31,167] {logging_mixin.py:115} INFO - [2022-07-26 21:10:31,166] {dag.py:2420} INFO - Sync 1 DAGs
[2022-07-26 21:10:31,195] {logging_mixin.py:115} INFO - [2022-07-26 21:10:31,195] {dag.py:2972} INFO - Setting next_dagrun for example_trigger_controller_dag to 2021-01-01T00:00:00+00:00, run_after=2021-01-01T00:00:00+00:00
[2022-07-26 21:10:31,303] {processor.py:161} INFO - Processing /home/airflow/.local/lib/python3.7/site-packages/airflow/example_dags/example_trigger_controller_dag.py took 0.171 seconds
[2022-07-26 21:11:02,170] {processor.py:153} INFO - Started process (PID=411) to work on /home/airflow/.local/lib/python3.7/site-packages/airflow/example_dags/example_trigger_controller_dag.py
[2022-07-26 21:11:02,171] {processor.py:641} INFO - Processing file /home/airflow/.local/lib/python3.7/site-packages/airflow/example_dags/example_trigger_controller_dag.py for tasks to queue
[2022-07-26 21:11:02,172] {logging_mixin.py:115} INFO - [2022-07-26 21:11:02,172] {dagbag.py:508} INFO - Filling up the DagBag from /home/airflow/.local/lib/python3.7/site-packages/airflow/example_dags/example_trigger_controller_dag.py
[2022-07-26 21:11:02,175] {processor.py:651} INFO - DAG(s) dict_keys(['example_trigger_controller_dag']) retrieved from /home/airflow/.local/lib/python3.7/site-packages/airflow/example_dags/example_trigger_controller_dag.py
[2022-07-26 21:11:02,204] {logging_mixin.py:115} INFO - [2022-07-26 21:11:02,204] {dag.py:2420} INFO - Sync 1 DAGs
[2022-07-26 21:11:02,227] {logging_mixin.py:115} INFO - [2022-07-26 21:11:02,227] {dag.py:2972} INFO - Setting next_dagrun for example_trigger_controller_dag to 2021-01-01T00:00:00+00:00, run_after=2021-01-01T00:00:00+00:00
[2022-07-26 21:11:02,285] {processor.py:161} INFO - Processing /home/airflow/.local/lib/python3.7/site-packages/airflow/example_dags/example_trigger_controller_dag.py took 0.120 seconds
