[2022-07-26 21:07:56,981] {processor.py:153} INFO - Started process (PID=63) to work on /home/airflow/.local/lib/python3.7/site-packages/airflow/example_dags/example_bash_operator.py
[2022-07-26 21:07:56,982] {processor.py:641} INFO - Processing file /home/airflow/.local/lib/python3.7/site-packages/airflow/example_dags/example_bash_operator.py for tasks to queue
[2022-07-26 21:07:56,983] {logging_mixin.py:115} INFO - [2022-07-26 21:07:56,983] {dagbag.py:508} INFO - Filling up the DagBag from /home/airflow/.local/lib/python3.7/site-packages/airflow/example_dags/example_bash_operator.py
[2022-07-26 21:07:56,999] {processor.py:651} INFO - DAG(s) dict_keys(['example_bash_operator']) retrieved from /home/airflow/.local/lib/python3.7/site-packages/airflow/example_dags/example_bash_operator.py
[2022-07-26 21:07:57,128] {logging_mixin.py:115} INFO - [2022-07-26 21:07:57,128] {manager.py:508} INFO - Created Permission View: can delete on DAG:example_bash_operator
[2022-07-26 21:07:57,166] {logging_mixin.py:115} INFO - [2022-07-26 21:07:57,166] {manager.py:508} INFO - Created Permission View: can edit on DAG:example_bash_operator
[2022-07-26 21:07:57,207] {logging_mixin.py:115} INFO - [2022-07-26 21:07:57,207] {manager.py:508} INFO - Created Permission View: can read on DAG:example_bash_operator
[2022-07-26 21:07:57,208] {logging_mixin.py:115} INFO - [2022-07-26 21:07:57,208] {dag.py:2420} INFO - Sync 1 DAGs
[2022-07-26 21:07:57,220] {logging_mixin.py:115} INFO - [2022-07-26 21:07:57,220] {dag.py:2439} INFO - Creating ORM DAG for example_bash_operator
[2022-07-26 21:07:57,238] {logging_mixin.py:115} INFO - [2022-07-26 21:07:57,238] {dag.py:2972} INFO - Setting next_dagrun for example_bash_operator to 2022-07-25T00:00:00+00:00, run_after=2022-07-26T00:00:00+00:00
[2022-07-26 21:07:57,283] {processor.py:161} INFO - Processing /home/airflow/.local/lib/python3.7/site-packages/airflow/example_dags/example_bash_operator.py took 0.306 seconds
[2022-07-26 21:08:27,396] {processor.py:153} INFO - Started process (PID=115) to work on /home/airflow/.local/lib/python3.7/site-packages/airflow/example_dags/example_bash_operator.py
[2022-07-26 21:08:27,397] {processor.py:641} INFO - Processing file /home/airflow/.local/lib/python3.7/site-packages/airflow/example_dags/example_bash_operator.py for tasks to queue
[2022-07-26 21:08:27,398] {logging_mixin.py:115} INFO - [2022-07-26 21:08:27,398] {dagbag.py:508} INFO - Filling up the DagBag from /home/airflow/.local/lib/python3.7/site-packages/airflow/example_dags/example_bash_operator.py
[2022-07-26 21:08:27,428] {processor.py:651} INFO - DAG(s) dict_keys(['example_bash_operator']) retrieved from /home/airflow/.local/lib/python3.7/site-packages/airflow/example_dags/example_bash_operator.py
[2022-07-26 21:08:27,458] {logging_mixin.py:115} INFO - [2022-07-26 21:08:27,458] {dag.py:2420} INFO - Sync 1 DAGs
[2022-07-26 21:08:27,479] {logging_mixin.py:115} INFO - [2022-07-26 21:08:27,479] {dag.py:2972} INFO - Setting next_dagrun for example_bash_operator to 2022-07-25T00:00:00+00:00, run_after=2022-07-26T00:00:00+00:00
[2022-07-26 21:08:27,515] {processor.py:161} INFO - Processing /home/airflow/.local/lib/python3.7/site-packages/airflow/example_dags/example_bash_operator.py took 0.123 seconds
[2022-07-26 21:08:58,041] {processor.py:153} INFO - Started process (PID=177) to work on /home/airflow/.local/lib/python3.7/site-packages/airflow/example_dags/example_bash_operator.py
[2022-07-26 21:08:58,042] {processor.py:641} INFO - Processing file /home/airflow/.local/lib/python3.7/site-packages/airflow/example_dags/example_bash_operator.py for tasks to queue
[2022-07-26 21:08:58,043] {logging_mixin.py:115} INFO - [2022-07-26 21:08:58,042] {dagbag.py:508} INFO - Filling up the DagBag from /home/airflow/.local/lib/python3.7/site-packages/airflow/example_dags/example_bash_operator.py
[2022-07-26 21:08:58,059] {processor.py:651} INFO - DAG(s) dict_keys(['example_bash_operator']) retrieved from /home/airflow/.local/lib/python3.7/site-packages/airflow/example_dags/example_bash_operator.py
[2022-07-26 21:08:58,134] {logging_mixin.py:115} INFO - [2022-07-26 21:08:58,134] {dag.py:2420} INFO - Sync 1 DAGs
[2022-07-26 21:08:58,160] {logging_mixin.py:115} INFO - [2022-07-26 21:08:58,160] {dag.py:2972} INFO - Setting next_dagrun for example_bash_operator to 2022-07-25T00:00:00+00:00, run_after=2022-07-26T00:00:00+00:00
[2022-07-26 21:08:58,189] {processor.py:161} INFO - Processing /home/airflow/.local/lib/python3.7/site-packages/airflow/example_dags/example_bash_operator.py took 0.152 seconds
[2022-07-26 21:09:28,695] {processor.py:153} INFO - Started process (PID=240) to work on /home/airflow/.local/lib/python3.7/site-packages/airflow/example_dags/example_bash_operator.py
[2022-07-26 21:09:28,700] {processor.py:641} INFO - Processing file /home/airflow/.local/lib/python3.7/site-packages/airflow/example_dags/example_bash_operator.py for tasks to queue
[2022-07-26 21:09:28,702] {logging_mixin.py:115} INFO - [2022-07-26 21:09:28,702] {dagbag.py:508} INFO - Filling up the DagBag from /home/airflow/.local/lib/python3.7/site-packages/airflow/example_dags/example_bash_operator.py
[2022-07-26 21:09:28,792] {processor.py:651} INFO - DAG(s) dict_keys(['example_bash_operator']) retrieved from /home/airflow/.local/lib/python3.7/site-packages/airflow/example_dags/example_bash_operator.py
[2022-07-26 21:09:29,041] {logging_mixin.py:115} INFO - [2022-07-26 21:09:29,041] {dag.py:2420} INFO - Sync 1 DAGs
[2022-07-26 21:09:29,163] {logging_mixin.py:115} INFO - [2022-07-26 21:09:29,162] {dag.py:2972} INFO - Setting next_dagrun for example_bash_operator to 2022-07-25T00:00:00+00:00, run_after=2022-07-26T00:00:00+00:00
[2022-07-26 21:09:29,265] {processor.py:161} INFO - Processing /home/airflow/.local/lib/python3.7/site-packages/airflow/example_dags/example_bash_operator.py took 0.584 seconds
[2022-07-26 21:09:59,990] {processor.py:153} INFO - Started process (PID=292) to work on /home/airflow/.local/lib/python3.7/site-packages/airflow/example_dags/example_bash_operator.py
[2022-07-26 21:09:59,991] {processor.py:641} INFO - Processing file /home/airflow/.local/lib/python3.7/site-packages/airflow/example_dags/example_bash_operator.py for tasks to queue
[2022-07-26 21:09:59,992] {logging_mixin.py:115} INFO - [2022-07-26 21:09:59,992] {dagbag.py:508} INFO - Filling up the DagBag from /home/airflow/.local/lib/python3.7/site-packages/airflow/example_dags/example_bash_operator.py
[2022-07-26 21:10:00,006] {processor.py:651} INFO - DAG(s) dict_keys(['example_bash_operator']) retrieved from /home/airflow/.local/lib/python3.7/site-packages/airflow/example_dags/example_bash_operator.py
[2022-07-26 21:10:00,040] {logging_mixin.py:115} INFO - [2022-07-26 21:10:00,040] {dag.py:2420} INFO - Sync 1 DAGs
[2022-07-26 21:10:00,064] {logging_mixin.py:115} INFO - [2022-07-26 21:10:00,063] {dag.py:2972} INFO - Setting next_dagrun for example_bash_operator to 2022-07-25T00:00:00+00:00, run_after=2022-07-26T00:00:00+00:00
[2022-07-26 21:10:00,092] {processor.py:161} INFO - Processing /home/airflow/.local/lib/python3.7/site-packages/airflow/example_dags/example_bash_operator.py took 0.105 seconds
[2022-07-26 21:10:30,822] {processor.py:153} INFO - Started process (PID=353) to work on /home/airflow/.local/lib/python3.7/site-packages/airflow/example_dags/example_bash_operator.py
[2022-07-26 21:10:30,823] {processor.py:641} INFO - Processing file /home/airflow/.local/lib/python3.7/site-packages/airflow/example_dags/example_bash_operator.py for tasks to queue
[2022-07-26 21:10:30,824] {logging_mixin.py:115} INFO - [2022-07-26 21:10:30,824] {dagbag.py:508} INFO - Filling up the DagBag from /home/airflow/.local/lib/python3.7/site-packages/airflow/example_dags/example_bash_operator.py
[2022-07-26 21:10:30,835] {processor.py:651} INFO - DAG(s) dict_keys(['example_bash_operator']) retrieved from /home/airflow/.local/lib/python3.7/site-packages/airflow/example_dags/example_bash_operator.py
[2022-07-26 21:10:30,865] {logging_mixin.py:115} INFO - [2022-07-26 21:10:30,865] {dag.py:2420} INFO - Sync 1 DAGs
[2022-07-26 21:10:30,891] {logging_mixin.py:115} INFO - [2022-07-26 21:10:30,891] {dag.py:2972} INFO - Setting next_dagrun for example_bash_operator to 2022-07-25T00:00:00+00:00, run_after=2022-07-26T00:00:00+00:00
[2022-07-26 21:10:30,927] {processor.py:161} INFO - Processing /home/airflow/.local/lib/python3.7/site-packages/airflow/example_dags/example_bash_operator.py took 0.107 seconds
[2022-07-26 21:11:01,445] {processor.py:153} INFO - Started process (PID=406) to work on /home/airflow/.local/lib/python3.7/site-packages/airflow/example_dags/example_bash_operator.py
[2022-07-26 21:11:01,446] {processor.py:641} INFO - Processing file /home/airflow/.local/lib/python3.7/site-packages/airflow/example_dags/example_bash_operator.py for tasks to queue
[2022-07-26 21:11:01,448] {logging_mixin.py:115} INFO - [2022-07-26 21:11:01,447] {dagbag.py:508} INFO - Filling up the DagBag from /home/airflow/.local/lib/python3.7/site-packages/airflow/example_dags/example_bash_operator.py
[2022-07-26 21:11:01,479] {processor.py:651} INFO - DAG(s) dict_keys(['example_bash_operator']) retrieved from /home/airflow/.local/lib/python3.7/site-packages/airflow/example_dags/example_bash_operator.py
[2022-07-26 21:11:01,516] {logging_mixin.py:115} INFO - [2022-07-26 21:11:01,516] {dag.py:2420} INFO - Sync 1 DAGs
[2022-07-26 21:11:01,547] {logging_mixin.py:115} INFO - [2022-07-26 21:11:01,546] {dag.py:2972} INFO - Setting next_dagrun for example_bash_operator to 2022-07-25T00:00:00+00:00, run_after=2022-07-26T00:00:00+00:00
[2022-07-26 21:11:01,941] {processor.py:161} INFO - Processing /home/airflow/.local/lib/python3.7/site-packages/airflow/example_dags/example_bash_operator.py took 0.501 seconds
