[2022-07-26 21:07:58,374] {processor.py:153} INFO - Started process (PID=71) to work on /home/airflow/.local/lib/python3.7/site-packages/airflow/example_dags/example_subdag_operator.py
[2022-07-26 21:07:58,375] {processor.py:641} INFO - Processing file /home/airflow/.local/lib/python3.7/site-packages/airflow/example_dags/example_subdag_operator.py for tasks to queue
[2022-07-26 21:07:58,376] {logging_mixin.py:115} INFO - [2022-07-26 21:07:58,376] {dagbag.py:508} INFO - Filling up the DagBag from /home/airflow/.local/lib/python3.7/site-packages/airflow/example_dags/example_subdag_operator.py
[2022-07-26 21:07:58,437] {processor.py:651} INFO - DAG(s) dict_keys(['example_subdag_operator.section-1', 'example_subdag_operator.section-2', 'example_subdag_operator']) retrieved from /home/airflow/.local/lib/python3.7/site-packages/airflow/example_dags/example_subdag_operator.py
[2022-07-26 21:07:58,637] {logging_mixin.py:115} INFO - [2022-07-26 21:07:58,637] {manager.py:508} INFO - Created Permission View: can delete on DAG:example_subdag_operator
[2022-07-26 21:07:58,679] {logging_mixin.py:115} INFO - [2022-07-26 21:07:58,679] {manager.py:508} INFO - Created Permission View: can edit on DAG:example_subdag_operator
[2022-07-26 21:07:58,718] {logging_mixin.py:115} INFO - [2022-07-26 21:07:58,718] {manager.py:508} INFO - Created Permission View: can read on DAG:example_subdag_operator
[2022-07-26 21:07:58,719] {logging_mixin.py:115} INFO - [2022-07-26 21:07:58,718] {dag.py:2420} INFO - Sync 3 DAGs
[2022-07-26 21:07:58,737] {logging_mixin.py:115} INFO - [2022-07-26 21:07:58,736] {dag.py:2439} INFO - Creating ORM DAG for example_subdag_operator.section-1
[2022-07-26 21:07:58,738] {logging_mixin.py:115} INFO - [2022-07-26 21:07:58,738] {dag.py:2439} INFO - Creating ORM DAG for example_subdag_operator
[2022-07-26 21:07:58,739] {logging_mixin.py:115} INFO - [2022-07-26 21:07:58,739] {dag.py:2439} INFO - Creating ORM DAG for example_subdag_operator.section-2
[2022-07-26 21:07:58,757] {logging_mixin.py:115} INFO - [2022-07-26 21:07:58,757] {dag.py:2972} INFO - Setting next_dagrun for example_subdag_operator to 2022-01-01T00:00:00+00:00, run_after=2022-01-01T00:00:00+00:00
[2022-07-26 21:07:58,758] {logging_mixin.py:115} INFO - [2022-07-26 21:07:58,758] {dag.py:2972} INFO - Setting next_dagrun for example_subdag_operator.section-1 to None, run_after=None
[2022-07-26 21:07:58,758] {logging_mixin.py:115} INFO - [2022-07-26 21:07:58,758] {dag.py:2972} INFO - Setting next_dagrun for example_subdag_operator.section-2 to None, run_after=None
[2022-07-26 21:07:58,777] {logging_mixin.py:115} INFO - [2022-07-26 21:07:58,776] {dag.py:2420} INFO - Sync 2 DAGs
[2022-07-26 21:07:58,787] {logging_mixin.py:115} INFO - [2022-07-26 21:07:58,787] {dag.py:2972} INFO - Setting next_dagrun for example_subdag_operator.section-1 to None, run_after=None
[2022-07-26 21:07:58,788] {logging_mixin.py:115} INFO - [2022-07-26 21:07:58,788] {dag.py:2972} INFO - Setting next_dagrun for example_subdag_operator.section-2 to None, run_after=None
[2022-07-26 21:07:58,812] {processor.py:161} INFO - Processing /home/airflow/.local/lib/python3.7/site-packages/airflow/example_dags/example_subdag_operator.py took 0.441 seconds
[2022-07-26 21:08:29,271] {processor.py:153} INFO - Started process (PID=132) to work on /home/airflow/.local/lib/python3.7/site-packages/airflow/example_dags/example_subdag_operator.py
[2022-07-26 21:08:29,272] {processor.py:641} INFO - Processing file /home/airflow/.local/lib/python3.7/site-packages/airflow/example_dags/example_subdag_operator.py for tasks to queue
[2022-07-26 21:08:29,273] {logging_mixin.py:115} INFO - [2022-07-26 21:08:29,273] {dagbag.py:508} INFO - Filling up the DagBag from /home/airflow/.local/lib/python3.7/site-packages/airflow/example_dags/example_subdag_operator.py
[2022-07-26 21:08:29,363] {processor.py:651} INFO - DAG(s) dict_keys(['example_subdag_operator.section-1', 'example_subdag_operator.section-2', 'example_subdag_operator']) retrieved from /home/airflow/.local/lib/python3.7/site-packages/airflow/example_dags/example_subdag_operator.py
[2022-07-26 21:08:29,400] {logging_mixin.py:115} INFO - [2022-07-26 21:08:29,400] {dag.py:2420} INFO - Sync 3 DAGs
[2022-07-26 21:08:29,441] {logging_mixin.py:115} INFO - [2022-07-26 21:08:29,440] {dag.py:2972} INFO - Setting next_dagrun for example_subdag_operator to 2022-01-01T00:00:00+00:00, run_after=2022-01-01T00:00:00+00:00
[2022-07-26 21:08:29,441] {logging_mixin.py:115} INFO - [2022-07-26 21:08:29,441] {dag.py:2972} INFO - Setting next_dagrun for example_subdag_operator.section-1 to None, run_after=None
[2022-07-26 21:08:29,442] {logging_mixin.py:115} INFO - [2022-07-26 21:08:29,442] {dag.py:2972} INFO - Setting next_dagrun for example_subdag_operator.section-2 to None, run_after=None
[2022-07-26 21:08:29,458] {logging_mixin.py:115} INFO - [2022-07-26 21:08:29,457] {dag.py:2420} INFO - Sync 2 DAGs
[2022-07-26 21:08:29,466] {logging_mixin.py:115} INFO - [2022-07-26 21:08:29,465] {dag.py:2972} INFO - Setting next_dagrun for example_subdag_operator.section-1 to None, run_after=None
[2022-07-26 21:08:29,466] {logging_mixin.py:115} INFO - [2022-07-26 21:08:29,466] {dag.py:2972} INFO - Setting next_dagrun for example_subdag_operator.section-2 to None, run_after=None
[2022-07-26 21:08:29,496] {processor.py:161} INFO - Processing /home/airflow/.local/lib/python3.7/site-packages/airflow/example_dags/example_subdag_operator.py took 0.229 seconds
[2022-07-26 21:08:59,587] {processor.py:153} INFO - Started process (PID=185) to work on /home/airflow/.local/lib/python3.7/site-packages/airflow/example_dags/example_subdag_operator.py
[2022-07-26 21:08:59,588] {processor.py:641} INFO - Processing file /home/airflow/.local/lib/python3.7/site-packages/airflow/example_dags/example_subdag_operator.py for tasks to queue
[2022-07-26 21:08:59,589] {logging_mixin.py:115} INFO - [2022-07-26 21:08:59,589] {dagbag.py:508} INFO - Filling up the DagBag from /home/airflow/.local/lib/python3.7/site-packages/airflow/example_dags/example_subdag_operator.py
[2022-07-26 21:08:59,621] {processor.py:651} INFO - DAG(s) dict_keys(['example_subdag_operator.section-1', 'example_subdag_operator.section-2', 'example_subdag_operator']) retrieved from /home/airflow/.local/lib/python3.7/site-packages/airflow/example_dags/example_subdag_operator.py
[2022-07-26 21:08:59,659] {logging_mixin.py:115} INFO - [2022-07-26 21:08:59,658] {dag.py:2420} INFO - Sync 3 DAGs
[2022-07-26 21:08:59,682] {logging_mixin.py:115} INFO - [2022-07-26 21:08:59,682] {dag.py:2972} INFO - Setting next_dagrun for example_subdag_operator to 2022-01-01T00:00:00+00:00, run_after=2022-01-01T00:00:00+00:00
[2022-07-26 21:08:59,683] {logging_mixin.py:115} INFO - [2022-07-26 21:08:59,683] {dag.py:2972} INFO - Setting next_dagrun for example_subdag_operator.section-1 to None, run_after=None
[2022-07-26 21:08:59,684] {logging_mixin.py:115} INFO - [2022-07-26 21:08:59,684] {dag.py:2972} INFO - Setting next_dagrun for example_subdag_operator.section-2 to None, run_after=None
[2022-07-26 21:08:59,693] {logging_mixin.py:115} INFO - [2022-07-26 21:08:59,693] {dag.py:2420} INFO - Sync 2 DAGs
[2022-07-26 21:08:59,704] {logging_mixin.py:115} INFO - [2022-07-26 21:08:59,703] {dag.py:2972} INFO - Setting next_dagrun for example_subdag_operator.section-1 to None, run_after=None
[2022-07-26 21:08:59,704] {logging_mixin.py:115} INFO - [2022-07-26 21:08:59,704] {dag.py:2972} INFO - Setting next_dagrun for example_subdag_operator.section-2 to None, run_after=None
[2022-07-26 21:08:59,727] {processor.py:161} INFO - Processing /home/airflow/.local/lib/python3.7/site-packages/airflow/example_dags/example_subdag_operator.py took 0.146 seconds
[2022-07-26 21:09:30,806] {processor.py:153} INFO - Started process (PID=248) to work on /home/airflow/.local/lib/python3.7/site-packages/airflow/example_dags/example_subdag_operator.py
[2022-07-26 21:09:30,819] {processor.py:641} INFO - Processing file /home/airflow/.local/lib/python3.7/site-packages/airflow/example_dags/example_subdag_operator.py for tasks to queue
[2022-07-26 21:09:30,825] {logging_mixin.py:115} INFO - [2022-07-26 21:09:30,824] {dagbag.py:508} INFO - Filling up the DagBag from /home/airflow/.local/lib/python3.7/site-packages/airflow/example_dags/example_subdag_operator.py
[2022-07-26 21:09:30,931] {processor.py:651} INFO - DAG(s) dict_keys(['example_subdag_operator.section-1', 'example_subdag_operator.section-2', 'example_subdag_operator']) retrieved from /home/airflow/.local/lib/python3.7/site-packages/airflow/example_dags/example_subdag_operator.py
[2022-07-26 21:09:31,104] {logging_mixin.py:115} INFO - [2022-07-26 21:09:31,104] {dag.py:2420} INFO - Sync 3 DAGs
[2022-07-26 21:09:31,183] {logging_mixin.py:115} INFO - [2022-07-26 21:09:31,183] {dag.py:2972} INFO - Setting next_dagrun for example_subdag_operator to 2022-01-01T00:00:00+00:00, run_after=2022-01-01T00:00:00+00:00
[2022-07-26 21:09:31,184] {logging_mixin.py:115} INFO - [2022-07-26 21:09:31,184] {dag.py:2972} INFO - Setting next_dagrun for example_subdag_operator.section-1 to None, run_after=None
[2022-07-26 21:09:31,185] {logging_mixin.py:115} INFO - [2022-07-26 21:09:31,185] {dag.py:2972} INFO - Setting next_dagrun for example_subdag_operator.section-2 to None, run_after=None
[2022-07-26 21:09:31,210] {logging_mixin.py:115} INFO - [2022-07-26 21:09:31,210] {dag.py:2420} INFO - Sync 2 DAGs
[2022-07-26 21:09:31,240] {logging_mixin.py:115} INFO - [2022-07-26 21:09:31,240] {dag.py:2972} INFO - Setting next_dagrun for example_subdag_operator.section-1 to None, run_after=None
[2022-07-26 21:09:31,241] {logging_mixin.py:115} INFO - [2022-07-26 21:09:31,241] {dag.py:2972} INFO - Setting next_dagrun for example_subdag_operator.section-2 to None, run_after=None
[2022-07-26 21:09:31,596] {processor.py:161} INFO - Processing /home/airflow/.local/lib/python3.7/site-packages/airflow/example_dags/example_subdag_operator.py took 0.817 seconds
[2022-07-26 21:10:01,963] {processor.py:153} INFO - Started process (PID=300) to work on /home/airflow/.local/lib/python3.7/site-packages/airflow/example_dags/example_subdag_operator.py
[2022-07-26 21:10:01,964] {processor.py:641} INFO - Processing file /home/airflow/.local/lib/python3.7/site-packages/airflow/example_dags/example_subdag_operator.py for tasks to queue
[2022-07-26 21:10:01,965] {logging_mixin.py:115} INFO - [2022-07-26 21:10:01,964] {dagbag.py:508} INFO - Filling up the DagBag from /home/airflow/.local/lib/python3.7/site-packages/airflow/example_dags/example_subdag_operator.py
[2022-07-26 21:10:01,991] {processor.py:651} INFO - DAG(s) dict_keys(['example_subdag_operator.section-1', 'example_subdag_operator.section-2', 'example_subdag_operator']) retrieved from /home/airflow/.local/lib/python3.7/site-packages/airflow/example_dags/example_subdag_operator.py
[2022-07-26 21:10:02,026] {logging_mixin.py:115} INFO - [2022-07-26 21:10:02,026] {dag.py:2420} INFO - Sync 3 DAGs
[2022-07-26 21:10:02,049] {logging_mixin.py:115} INFO - [2022-07-26 21:10:02,049] {dag.py:2972} INFO - Setting next_dagrun for example_subdag_operator to 2022-01-01T00:00:00+00:00, run_after=2022-01-01T00:00:00+00:00
[2022-07-26 21:10:02,050] {logging_mixin.py:115} INFO - [2022-07-26 21:10:02,050] {dag.py:2972} INFO - Setting next_dagrun for example_subdag_operator.section-1 to None, run_after=None
[2022-07-26 21:10:02,051] {logging_mixin.py:115} INFO - [2022-07-26 21:10:02,051] {dag.py:2972} INFO - Setting next_dagrun for example_subdag_operator.section-2 to None, run_after=None
[2022-07-26 21:10:02,057] {logging_mixin.py:115} INFO - [2022-07-26 21:10:02,057] {dag.py:2420} INFO - Sync 2 DAGs
[2022-07-26 21:10:02,063] {logging_mixin.py:115} INFO - [2022-07-26 21:10:02,063] {dag.py:2972} INFO - Setting next_dagrun for example_subdag_operator.section-1 to None, run_after=None
[2022-07-26 21:10:02,064] {logging_mixin.py:115} INFO - [2022-07-26 21:10:02,064] {dag.py:2972} INFO - Setting next_dagrun for example_subdag_operator.section-2 to None, run_after=None
[2022-07-26 21:10:02,099] {processor.py:161} INFO - Processing /home/airflow/.local/lib/python3.7/site-packages/airflow/example_dags/example_subdag_operator.py took 0.141 seconds
[2022-07-26 21:10:32,441] {processor.py:153} INFO - Started process (PID=361) to work on /home/airflow/.local/lib/python3.7/site-packages/airflow/example_dags/example_subdag_operator.py
[2022-07-26 21:10:32,442] {processor.py:641} INFO - Processing file /home/airflow/.local/lib/python3.7/site-packages/airflow/example_dags/example_subdag_operator.py for tasks to queue
[2022-07-26 21:10:32,443] {logging_mixin.py:115} INFO - [2022-07-26 21:10:32,443] {dagbag.py:508} INFO - Filling up the DagBag from /home/airflow/.local/lib/python3.7/site-packages/airflow/example_dags/example_subdag_operator.py
[2022-07-26 21:10:32,472] {processor.py:651} INFO - DAG(s) dict_keys(['example_subdag_operator.section-1', 'example_subdag_operator.section-2', 'example_subdag_operator']) retrieved from /home/airflow/.local/lib/python3.7/site-packages/airflow/example_dags/example_subdag_operator.py
[2022-07-26 21:10:32,501] {logging_mixin.py:115} INFO - [2022-07-26 21:10:32,500] {dag.py:2420} INFO - Sync 3 DAGs
[2022-07-26 21:10:32,522] {logging_mixin.py:115} INFO - [2022-07-26 21:10:32,522] {dag.py:2972} INFO - Setting next_dagrun for example_subdag_operator to 2022-01-01T00:00:00+00:00, run_after=2022-01-01T00:00:00+00:00
[2022-07-26 21:10:32,523] {logging_mixin.py:115} INFO - [2022-07-26 21:10:32,523] {dag.py:2972} INFO - Setting next_dagrun for example_subdag_operator.section-1 to None, run_after=None
[2022-07-26 21:10:32,523] {logging_mixin.py:115} INFO - [2022-07-26 21:10:32,523] {dag.py:2972} INFO - Setting next_dagrun for example_subdag_operator.section-2 to None, run_after=None
[2022-07-26 21:10:32,530] {logging_mixin.py:115} INFO - [2022-07-26 21:10:32,530] {dag.py:2420} INFO - Sync 2 DAGs
[2022-07-26 21:10:32,535] {logging_mixin.py:115} INFO - [2022-07-26 21:10:32,535] {dag.py:2972} INFO - Setting next_dagrun for example_subdag_operator.section-1 to None, run_after=None
[2022-07-26 21:10:32,536] {logging_mixin.py:115} INFO - [2022-07-26 21:10:32,536] {dag.py:2972} INFO - Setting next_dagrun for example_subdag_operator.section-2 to None, run_after=None
[2022-07-26 21:10:32,566] {processor.py:161} INFO - Processing /home/airflow/.local/lib/python3.7/site-packages/airflow/example_dags/example_subdag_operator.py took 0.128 seconds
[2022-07-26 21:11:03,408] {processor.py:153} INFO - Started process (PID=424) to work on /home/airflow/.local/lib/python3.7/site-packages/airflow/example_dags/example_subdag_operator.py
[2022-07-26 21:11:03,411] {processor.py:641} INFO - Processing file /home/airflow/.local/lib/python3.7/site-packages/airflow/example_dags/example_subdag_operator.py for tasks to queue
[2022-07-26 21:11:03,412] {logging_mixin.py:115} INFO - [2022-07-26 21:11:03,412] {dagbag.py:508} INFO - Filling up the DagBag from /home/airflow/.local/lib/python3.7/site-packages/airflow/example_dags/example_subdag_operator.py
[2022-07-26 21:11:03,454] {processor.py:651} INFO - DAG(s) dict_keys(['example_subdag_operator.section-1', 'example_subdag_operator.section-2', 'example_subdag_operator']) retrieved from /home/airflow/.local/lib/python3.7/site-packages/airflow/example_dags/example_subdag_operator.py
[2022-07-26 21:11:03,514] {logging_mixin.py:115} INFO - [2022-07-26 21:11:03,514] {dag.py:2420} INFO - Sync 3 DAGs
[2022-07-26 21:11:03,567] {logging_mixin.py:115} INFO - [2022-07-26 21:11:03,567] {dag.py:2972} INFO - Setting next_dagrun for example_subdag_operator to 2022-01-01T00:00:00+00:00, run_after=2022-01-01T00:00:00+00:00
[2022-07-26 21:11:03,568] {logging_mixin.py:115} INFO - [2022-07-26 21:11:03,568] {dag.py:2972} INFO - Setting next_dagrun for example_subdag_operator.section-1 to None, run_after=None
[2022-07-26 21:11:03,569] {logging_mixin.py:115} INFO - [2022-07-26 21:11:03,568] {dag.py:2972} INFO - Setting next_dagrun for example_subdag_operator.section-2 to None, run_after=None
[2022-07-26 21:11:03,594] {logging_mixin.py:115} INFO - [2022-07-26 21:11:03,594] {dag.py:2420} INFO - Sync 2 DAGs
[2022-07-26 21:11:03,617] {logging_mixin.py:115} INFO - [2022-07-26 21:11:03,617] {dag.py:2972} INFO - Setting next_dagrun for example_subdag_operator.section-1 to None, run_after=None
[2022-07-26 21:11:03,620] {logging_mixin.py:115} INFO - [2022-07-26 21:11:03,620] {dag.py:2972} INFO - Setting next_dagrun for example_subdag_operator.section-2 to None, run_after=None
[2022-07-26 21:11:03,652] {processor.py:161} INFO - Processing /home/airflow/.local/lib/python3.7/site-packages/airflow/example_dags/example_subdag_operator.py took 0.249 seconds
