[2022-07-26 21:07:56,677] {processor.py:153} INFO - Started process (PID=62) to work on /home/airflow/.local/lib/python3.7/site-packages/airflow/example_dags/example_time_delta_sensor_async.py
[2022-07-26 21:07:56,683] {processor.py:641} INFO - Processing file /home/airflow/.local/lib/python3.7/site-packages/airflow/example_dags/example_time_delta_sensor_async.py for tasks to queue
[2022-07-26 21:07:56,685] {logging_mixin.py:115} INFO - [2022-07-26 21:07:56,684] {dagbag.py:508} INFO - Filling up the DagBag from /home/airflow/.local/lib/python3.7/site-packages/airflow/example_dags/example_time_delta_sensor_async.py
[2022-07-26 21:07:56,700] {processor.py:651} INFO - DAG(s) dict_keys(['example_time_delta_sensor_async']) retrieved from /home/airflow/.local/lib/python3.7/site-packages/airflow/example_dags/example_time_delta_sensor_async.py
[2022-07-26 21:07:56,896] {logging_mixin.py:115} INFO - [2022-07-26 21:07:56,896] {manager.py:508} INFO - Created Permission View: can delete on DAG:example_time_delta_sensor_async
[2022-07-26 21:07:56,933] {logging_mixin.py:115} INFO - [2022-07-26 21:07:56,932] {manager.py:508} INFO - Created Permission View: can edit on DAG:example_time_delta_sensor_async
[2022-07-26 21:07:56,977] {logging_mixin.py:115} INFO - [2022-07-26 21:07:56,977] {manager.py:508} INFO - Created Permission View: can read on DAG:example_time_delta_sensor_async
[2022-07-26 21:07:56,977] {logging_mixin.py:115} INFO - [2022-07-26 21:07:56,977] {dag.py:2420} INFO - Sync 1 DAGs
[2022-07-26 21:07:56,987] {logging_mixin.py:115} INFO - [2022-07-26 21:07:56,987] {dag.py:2439} INFO - Creating ORM DAG for example_time_delta_sensor_async
[2022-07-26 21:07:57,001] {logging_mixin.py:115} INFO - [2022-07-26 21:07:57,001] {dag.py:2972} INFO - Setting next_dagrun for example_time_delta_sensor_async to None, run_after=None
[2022-07-26 21:07:57,047] {processor.py:161} INFO - Processing /home/airflow/.local/lib/python3.7/site-packages/airflow/example_dags/example_time_delta_sensor_async.py took 0.373 seconds
[2022-07-26 21:08:27,288] {processor.py:153} INFO - Started process (PID=114) to work on /home/airflow/.local/lib/python3.7/site-packages/airflow/example_dags/example_time_delta_sensor_async.py
[2022-07-26 21:08:27,290] {processor.py:641} INFO - Processing file /home/airflow/.local/lib/python3.7/site-packages/airflow/example_dags/example_time_delta_sensor_async.py for tasks to queue
[2022-07-26 21:08:27,290] {logging_mixin.py:115} INFO - [2022-07-26 21:08:27,290] {dagbag.py:508} INFO - Filling up the DagBag from /home/airflow/.local/lib/python3.7/site-packages/airflow/example_dags/example_time_delta_sensor_async.py
[2022-07-26 21:08:27,311] {processor.py:651} INFO - DAG(s) dict_keys(['example_time_delta_sensor_async']) retrieved from /home/airflow/.local/lib/python3.7/site-packages/airflow/example_dags/example_time_delta_sensor_async.py
[2022-07-26 21:08:27,352] {logging_mixin.py:115} INFO - [2022-07-26 21:08:27,352] {dag.py:2420} INFO - Sync 1 DAGs
[2022-07-26 21:08:27,372] {logging_mixin.py:115} INFO - [2022-07-26 21:08:27,372] {dag.py:2972} INFO - Setting next_dagrun for example_time_delta_sensor_async to None, run_after=None
[2022-07-26 21:08:27,419] {processor.py:161} INFO - Processing /home/airflow/.local/lib/python3.7/site-packages/airflow/example_dags/example_time_delta_sensor_async.py took 0.134 seconds
[2022-07-26 21:08:57,925] {processor.py:153} INFO - Started process (PID=176) to work on /home/airflow/.local/lib/python3.7/site-packages/airflow/example_dags/example_time_delta_sensor_async.py
[2022-07-26 21:08:57,926] {processor.py:641} INFO - Processing file /home/airflow/.local/lib/python3.7/site-packages/airflow/example_dags/example_time_delta_sensor_async.py for tasks to queue
[2022-07-26 21:08:57,927] {logging_mixin.py:115} INFO - [2022-07-26 21:08:57,926] {dagbag.py:508} INFO - Filling up the DagBag from /home/airflow/.local/lib/python3.7/site-packages/airflow/example_dags/example_time_delta_sensor_async.py
[2022-07-26 21:08:57,933] {processor.py:651} INFO - DAG(s) dict_keys(['example_time_delta_sensor_async']) retrieved from /home/airflow/.local/lib/python3.7/site-packages/airflow/example_dags/example_time_delta_sensor_async.py
[2022-07-26 21:08:57,977] {logging_mixin.py:115} INFO - [2022-07-26 21:08:57,977] {dag.py:2420} INFO - Sync 1 DAGs
[2022-07-26 21:08:58,001] {logging_mixin.py:115} INFO - [2022-07-26 21:08:58,001] {dag.py:2972} INFO - Setting next_dagrun for example_time_delta_sensor_async to None, run_after=None
[2022-07-26 21:08:58,032] {processor.py:161} INFO - Processing /home/airflow/.local/lib/python3.7/site-packages/airflow/example_dags/example_time_delta_sensor_async.py took 0.111 seconds
[2022-07-26 21:09:28,514] {processor.py:153} INFO - Started process (PID=239) to work on /home/airflow/.local/lib/python3.7/site-packages/airflow/example_dags/example_time_delta_sensor_async.py
[2022-07-26 21:09:28,517] {processor.py:641} INFO - Processing file /home/airflow/.local/lib/python3.7/site-packages/airflow/example_dags/example_time_delta_sensor_async.py for tasks to queue
[2022-07-26 21:09:28,518] {logging_mixin.py:115} INFO - [2022-07-26 21:09:28,518] {dagbag.py:508} INFO - Filling up the DagBag from /home/airflow/.local/lib/python3.7/site-packages/airflow/example_dags/example_time_delta_sensor_async.py
[2022-07-26 21:09:28,529] {processor.py:651} INFO - DAG(s) dict_keys(['example_time_delta_sensor_async']) retrieved from /home/airflow/.local/lib/python3.7/site-packages/airflow/example_dags/example_time_delta_sensor_async.py
[2022-07-26 21:09:28,623] {logging_mixin.py:115} INFO - [2022-07-26 21:09:28,623] {dag.py:2420} INFO - Sync 1 DAGs
[2022-07-26 21:09:28,681] {logging_mixin.py:115} INFO - [2022-07-26 21:09:28,681] {dag.py:2972} INFO - Setting next_dagrun for example_time_delta_sensor_async to None, run_after=None
[2022-07-26 21:09:28,790] {processor.py:161} INFO - Processing /home/airflow/.local/lib/python3.7/site-packages/airflow/example_dags/example_time_delta_sensor_async.py took 0.280 seconds
[2022-07-26 21:09:58,946] {processor.py:153} INFO - Started process (PID=291) to work on /home/airflow/.local/lib/python3.7/site-packages/airflow/example_dags/example_time_delta_sensor_async.py
[2022-07-26 21:09:58,947] {processor.py:641} INFO - Processing file /home/airflow/.local/lib/python3.7/site-packages/airflow/example_dags/example_time_delta_sensor_async.py for tasks to queue
[2022-07-26 21:09:58,948] {logging_mixin.py:115} INFO - [2022-07-26 21:09:58,948] {dagbag.py:508} INFO - Filling up the DagBag from /home/airflow/.local/lib/python3.7/site-packages/airflow/example_dags/example_time_delta_sensor_async.py
[2022-07-26 21:09:58,953] {processor.py:651} INFO - DAG(s) dict_keys(['example_time_delta_sensor_async']) retrieved from /home/airflow/.local/lib/python3.7/site-packages/airflow/example_dags/example_time_delta_sensor_async.py
[2022-07-26 21:09:58,993] {logging_mixin.py:115} INFO - [2022-07-26 21:09:58,993] {dag.py:2420} INFO - Sync 1 DAGs
[2022-07-26 21:09:59,017] {logging_mixin.py:115} INFO - [2022-07-26 21:09:59,017] {dag.py:2972} INFO - Setting next_dagrun for example_time_delta_sensor_async to None, run_after=None
[2022-07-26 21:09:59,043] {processor.py:161} INFO - Processing /home/airflow/.local/lib/python3.7/site-packages/airflow/example_dags/example_time_delta_sensor_async.py took 0.101 seconds
[2022-07-26 21:10:29,703] {processor.py:153} INFO - Started process (PID=352) to work on /home/airflow/.local/lib/python3.7/site-packages/airflow/example_dags/example_time_delta_sensor_async.py
[2022-07-26 21:10:29,705] {processor.py:641} INFO - Processing file /home/airflow/.local/lib/python3.7/site-packages/airflow/example_dags/example_time_delta_sensor_async.py for tasks to queue
[2022-07-26 21:10:29,707] {logging_mixin.py:115} INFO - [2022-07-26 21:10:29,706] {dagbag.py:508} INFO - Filling up the DagBag from /home/airflow/.local/lib/python3.7/site-packages/airflow/example_dags/example_time_delta_sensor_async.py
[2022-07-26 21:10:29,712] {processor.py:651} INFO - DAG(s) dict_keys(['example_time_delta_sensor_async']) retrieved from /home/airflow/.local/lib/python3.7/site-packages/airflow/example_dags/example_time_delta_sensor_async.py
[2022-07-26 21:10:29,757] {logging_mixin.py:115} INFO - [2022-07-26 21:10:29,757] {dag.py:2420} INFO - Sync 1 DAGs
[2022-07-26 21:10:29,778] {logging_mixin.py:115} INFO - [2022-07-26 21:10:29,778] {dag.py:2972} INFO - Setting next_dagrun for example_time_delta_sensor_async to None, run_after=None
[2022-07-26 21:10:29,833] {processor.py:161} INFO - Processing /home/airflow/.local/lib/python3.7/site-packages/airflow/example_dags/example_time_delta_sensor_async.py took 0.134 seconds
[2022-07-26 21:11:00,321] {processor.py:153} INFO - Started process (PID=405) to work on /home/airflow/.local/lib/python3.7/site-packages/airflow/example_dags/example_time_delta_sensor_async.py
[2022-07-26 21:11:00,324] {processor.py:641} INFO - Processing file /home/airflow/.local/lib/python3.7/site-packages/airflow/example_dags/example_time_delta_sensor_async.py for tasks to queue
[2022-07-26 21:11:00,325] {logging_mixin.py:115} INFO - [2022-07-26 21:11:00,325] {dagbag.py:508} INFO - Filling up the DagBag from /home/airflow/.local/lib/python3.7/site-packages/airflow/example_dags/example_time_delta_sensor_async.py
[2022-07-26 21:11:00,339] {processor.py:651} INFO - DAG(s) dict_keys(['example_time_delta_sensor_async']) retrieved from /home/airflow/.local/lib/python3.7/site-packages/airflow/example_dags/example_time_delta_sensor_async.py
[2022-07-26 21:11:00,394] {logging_mixin.py:115} INFO - [2022-07-26 21:11:00,394] {dag.py:2420} INFO - Sync 1 DAGs
[2022-07-26 21:11:00,434] {logging_mixin.py:115} INFO - [2022-07-26 21:11:00,434] {dag.py:2972} INFO - Setting next_dagrun for example_time_delta_sensor_async to None, run_after=None
[2022-07-26 21:11:00,463] {processor.py:161} INFO - Processing /home/airflow/.local/lib/python3.7/site-packages/airflow/example_dags/example_time_delta_sensor_async.py took 0.146 seconds
