[2022-07-26 21:07:57,077] {processor.py:153} INFO - Started process (PID=64) to work on /home/airflow/.local/lib/python3.7/site-packages/airflow/example_dags/example_branch_datetime_operator.py
[2022-07-26 21:07:57,078] {processor.py:641} INFO - Processing file /home/airflow/.local/lib/python3.7/site-packages/airflow/example_dags/example_branch_datetime_operator.py for tasks to queue
[2022-07-26 21:07:57,078] {logging_mixin.py:115} INFO - [2022-07-26 21:07:57,078] {dagbag.py:508} INFO - Filling up the DagBag from /home/airflow/.local/lib/python3.7/site-packages/airflow/example_dags/example_branch_datetime_operator.py
[2022-07-26 21:07:57,093] {processor.py:651} INFO - DAG(s) dict_keys(['example_branch_datetime_operator', 'example_branch_datetime_operator_2']) retrieved from /home/airflow/.local/lib/python3.7/site-packages/airflow/example_dags/example_branch_datetime_operator.py
[2022-07-26 21:07:57,228] {logging_mixin.py:115} INFO - [2022-07-26 21:07:57,228] {manager.py:508} INFO - Created Permission View: can delete on DAG:example_branch_datetime_operator
[2022-07-26 21:07:57,261] {logging_mixin.py:115} INFO - [2022-07-26 21:07:57,261] {manager.py:508} INFO - Created Permission View: can edit on DAG:example_branch_datetime_operator
[2022-07-26 21:07:57,301] {logging_mixin.py:115} INFO - [2022-07-26 21:07:57,301] {manager.py:508} INFO - Created Permission View: can read on DAG:example_branch_datetime_operator
[2022-07-26 21:07:57,363] {logging_mixin.py:115} INFO - [2022-07-26 21:07:57,363] {manager.py:508} INFO - Created Permission View: can delete on DAG:example_branch_datetime_operator_2
[2022-07-26 21:07:57,388] {logging_mixin.py:115} INFO - [2022-07-26 21:07:57,388] {manager.py:508} INFO - Created Permission View: can edit on DAG:example_branch_datetime_operator_2
[2022-07-26 21:07:57,421] {logging_mixin.py:115} INFO - [2022-07-26 21:07:57,421] {manager.py:508} INFO - Created Permission View: can read on DAG:example_branch_datetime_operator_2
[2022-07-26 21:07:57,421] {logging_mixin.py:115} INFO - [2022-07-26 21:07:57,421] {dag.py:2420} INFO - Sync 2 DAGs
[2022-07-26 21:07:57,433] {logging_mixin.py:115} INFO - [2022-07-26 21:07:57,432] {dag.py:2439} INFO - Creating ORM DAG for example_branch_datetime_operator_2
[2022-07-26 21:07:57,433] {logging_mixin.py:115} INFO - [2022-07-26 21:07:57,433] {dag.py:2439} INFO - Creating ORM DAG for example_branch_datetime_operator
[2022-07-26 21:07:57,449] {logging_mixin.py:115} INFO - [2022-07-26 21:07:57,449] {dag.py:2972} INFO - Setting next_dagrun for example_branch_datetime_operator to 2022-07-25T00:00:00+00:00, run_after=2022-07-26T00:00:00+00:00
[2022-07-26 21:07:57,451] {logging_mixin.py:115} INFO - [2022-07-26 21:07:57,451] {dag.py:2972} INFO - Setting next_dagrun for example_branch_datetime_operator_2 to 2022-07-25T00:00:00+00:00, run_after=2022-07-26T00:00:00+00:00
[2022-07-26 21:07:57,495] {processor.py:161} INFO - Processing /home/airflow/.local/lib/python3.7/site-packages/airflow/example_dags/example_branch_datetime_operator.py took 0.422 seconds
[2022-07-26 21:08:27,549] {processor.py:153} INFO - Started process (PID=116) to work on /home/airflow/.local/lib/python3.7/site-packages/airflow/example_dags/example_branch_datetime_operator.py
[2022-07-26 21:08:27,549] {processor.py:641} INFO - Processing file /home/airflow/.local/lib/python3.7/site-packages/airflow/example_dags/example_branch_datetime_operator.py for tasks to queue
[2022-07-26 21:08:27,550] {logging_mixin.py:115} INFO - [2022-07-26 21:08:27,550] {dagbag.py:508} INFO - Filling up the DagBag from /home/airflow/.local/lib/python3.7/site-packages/airflow/example_dags/example_branch_datetime_operator.py
[2022-07-26 21:08:27,591] {processor.py:651} INFO - DAG(s) dict_keys(['example_branch_datetime_operator', 'example_branch_datetime_operator_2']) retrieved from /home/airflow/.local/lib/python3.7/site-packages/airflow/example_dags/example_branch_datetime_operator.py
[2022-07-26 21:08:27,624] {logging_mixin.py:115} INFO - [2022-07-26 21:08:27,624] {dag.py:2420} INFO - Sync 2 DAGs
[2022-07-26 21:08:27,646] {logging_mixin.py:115} INFO - [2022-07-26 21:08:27,646] {dag.py:2972} INFO - Setting next_dagrun for example_branch_datetime_operator to 2022-07-25T00:00:00+00:00, run_after=2022-07-26T00:00:00+00:00
[2022-07-26 21:08:27,648] {logging_mixin.py:115} INFO - [2022-07-26 21:08:27,648] {dag.py:2972} INFO - Setting next_dagrun for example_branch_datetime_operator_2 to 2022-07-25T00:00:00+00:00, run_after=2022-07-26T00:00:00+00:00
[2022-07-26 21:08:27,679] {processor.py:161} INFO - Processing /home/airflow/.local/lib/python3.7/site-packages/airflow/example_dags/example_branch_datetime_operator.py took 0.133 seconds
[2022-07-26 21:08:58,060] {processor.py:153} INFO - Started process (PID=178) to work on /home/airflow/.local/lib/python3.7/site-packages/airflow/example_dags/example_branch_datetime_operator.py
[2022-07-26 21:08:58,061] {processor.py:641} INFO - Processing file /home/airflow/.local/lib/python3.7/site-packages/airflow/example_dags/example_branch_datetime_operator.py for tasks to queue
[2022-07-26 21:08:58,062] {logging_mixin.py:115} INFO - [2022-07-26 21:08:58,062] {dagbag.py:508} INFO - Filling up the DagBag from /home/airflow/.local/lib/python3.7/site-packages/airflow/example_dags/example_branch_datetime_operator.py
[2022-07-26 21:08:58,072] {processor.py:651} INFO - DAG(s) dict_keys(['example_branch_datetime_operator', 'example_branch_datetime_operator_2']) retrieved from /home/airflow/.local/lib/python3.7/site-packages/airflow/example_dags/example_branch_datetime_operator.py
[2022-07-26 21:08:58,139] {logging_mixin.py:115} INFO - [2022-07-26 21:08:58,139] {dag.py:2420} INFO - Sync 2 DAGs
[2022-07-26 21:08:58,165] {logging_mixin.py:115} INFO - [2022-07-26 21:08:58,165] {dag.py:2972} INFO - Setting next_dagrun for example_branch_datetime_operator to 2022-07-25T00:00:00+00:00, run_after=2022-07-26T00:00:00+00:00
[2022-07-26 21:08:58,167] {logging_mixin.py:115} INFO - [2022-07-26 21:08:58,167] {dag.py:2972} INFO - Setting next_dagrun for example_branch_datetime_operator_2 to 2022-07-25T00:00:00+00:00, run_after=2022-07-26T00:00:00+00:00
[2022-07-26 21:08:58,213] {processor.py:161} INFO - Processing /home/airflow/.local/lib/python3.7/site-packages/airflow/example_dags/example_branch_datetime_operator.py took 0.158 seconds
[2022-07-26 21:09:28,996] {processor.py:153} INFO - Started process (PID=241) to work on /home/airflow/.local/lib/python3.7/site-packages/airflow/example_dags/example_branch_datetime_operator.py
[2022-07-26 21:09:29,005] {processor.py:641} INFO - Processing file /home/airflow/.local/lib/python3.7/site-packages/airflow/example_dags/example_branch_datetime_operator.py for tasks to queue
[2022-07-26 21:09:29,009] {logging_mixin.py:115} INFO - [2022-07-26 21:09:29,008] {dagbag.py:508} INFO - Filling up the DagBag from /home/airflow/.local/lib/python3.7/site-packages/airflow/example_dags/example_branch_datetime_operator.py
[2022-07-26 21:09:29,056] {processor.py:651} INFO - DAG(s) dict_keys(['example_branch_datetime_operator', 'example_branch_datetime_operator_2']) retrieved from /home/airflow/.local/lib/python3.7/site-packages/airflow/example_dags/example_branch_datetime_operator.py
[2022-07-26 21:09:29,213] {logging_mixin.py:115} INFO - [2022-07-26 21:09:29,212] {dag.py:2420} INFO - Sync 2 DAGs
[2022-07-26 21:09:29,384] {logging_mixin.py:115} INFO - [2022-07-26 21:09:29,384] {dag.py:2972} INFO - Setting next_dagrun for example_branch_datetime_operator to 2022-07-25T00:00:00+00:00, run_after=2022-07-26T00:00:00+00:00
[2022-07-26 21:09:29,393] {logging_mixin.py:115} INFO - [2022-07-26 21:09:29,393] {dag.py:2972} INFO - Setting next_dagrun for example_branch_datetime_operator_2 to 2022-07-25T00:00:00+00:00, run_after=2022-07-26T00:00:00+00:00
[2022-07-26 21:09:29,452] {processor.py:161} INFO - Processing /home/airflow/.local/lib/python3.7/site-packages/airflow/example_dags/example_branch_datetime_operator.py took 0.470 seconds
[2022-07-26 21:09:59,990] {processor.py:153} INFO - Started process (PID=293) to work on /home/airflow/.local/lib/python3.7/site-packages/airflow/example_dags/example_branch_datetime_operator.py
[2022-07-26 21:09:59,991] {processor.py:641} INFO - Processing file /home/airflow/.local/lib/python3.7/site-packages/airflow/example_dags/example_branch_datetime_operator.py for tasks to queue
[2022-07-26 21:09:59,992] {logging_mixin.py:115} INFO - [2022-07-26 21:09:59,992] {dagbag.py:508} INFO - Filling up the DagBag from /home/airflow/.local/lib/python3.7/site-packages/airflow/example_dags/example_branch_datetime_operator.py
[2022-07-26 21:10:00,002] {processor.py:651} INFO - DAG(s) dict_keys(['example_branch_datetime_operator', 'example_branch_datetime_operator_2']) retrieved from /home/airflow/.local/lib/python3.7/site-packages/airflow/example_dags/example_branch_datetime_operator.py
[2022-07-26 21:10:00,039] {logging_mixin.py:115} INFO - [2022-07-26 21:10:00,039] {dag.py:2420} INFO - Sync 2 DAGs
[2022-07-26 21:10:00,062] {logging_mixin.py:115} INFO - [2022-07-26 21:10:00,062] {dag.py:2972} INFO - Setting next_dagrun for example_branch_datetime_operator to 2022-07-25T00:00:00+00:00, run_after=2022-07-26T00:00:00+00:00
[2022-07-26 21:10:00,065] {logging_mixin.py:115} INFO - [2022-07-26 21:10:00,065] {dag.py:2972} INFO - Setting next_dagrun for example_branch_datetime_operator_2 to 2022-07-25T00:00:00+00:00, run_after=2022-07-26T00:00:00+00:00
[2022-07-26 21:10:00,115] {processor.py:161} INFO - Processing /home/airflow/.local/lib/python3.7/site-packages/airflow/example_dags/example_branch_datetime_operator.py took 0.128 seconds
[2022-07-26 21:10:30,822] {processor.py:153} INFO - Started process (PID=354) to work on /home/airflow/.local/lib/python3.7/site-packages/airflow/example_dags/example_branch_datetime_operator.py
[2022-07-26 21:10:30,823] {processor.py:641} INFO - Processing file /home/airflow/.local/lib/python3.7/site-packages/airflow/example_dags/example_branch_datetime_operator.py for tasks to queue
[2022-07-26 21:10:30,824] {logging_mixin.py:115} INFO - [2022-07-26 21:10:30,824] {dagbag.py:508} INFO - Filling up the DagBag from /home/airflow/.local/lib/python3.7/site-packages/airflow/example_dags/example_branch_datetime_operator.py
[2022-07-26 21:10:30,832] {processor.py:651} INFO - DAG(s) dict_keys(['example_branch_datetime_operator', 'example_branch_datetime_operator_2']) retrieved from /home/airflow/.local/lib/python3.7/site-packages/airflow/example_dags/example_branch_datetime_operator.py
[2022-07-26 21:10:30,868] {logging_mixin.py:115} INFO - [2022-07-26 21:10:30,868] {dag.py:2420} INFO - Sync 2 DAGs
[2022-07-26 21:10:30,895] {logging_mixin.py:115} INFO - [2022-07-26 21:10:30,894] {dag.py:2972} INFO - Setting next_dagrun for example_branch_datetime_operator to 2022-07-25T00:00:00+00:00, run_after=2022-07-26T00:00:00+00:00
[2022-07-26 21:10:30,897] {logging_mixin.py:115} INFO - [2022-07-26 21:10:30,897] {dag.py:2972} INFO - Setting next_dagrun for example_branch_datetime_operator_2 to 2022-07-25T00:00:00+00:00, run_after=2022-07-26T00:00:00+00:00
[2022-07-26 21:10:30,949] {processor.py:161} INFO - Processing /home/airflow/.local/lib/python3.7/site-packages/airflow/example_dags/example_branch_datetime_operator.py took 0.129 seconds
[2022-07-26 21:11:01,446] {processor.py:153} INFO - Started process (PID=407) to work on /home/airflow/.local/lib/python3.7/site-packages/airflow/example_dags/example_branch_datetime_operator.py
[2022-07-26 21:11:01,447] {processor.py:641} INFO - Processing file /home/airflow/.local/lib/python3.7/site-packages/airflow/example_dags/example_branch_datetime_operator.py for tasks to queue
[2022-07-26 21:11:01,448] {logging_mixin.py:115} INFO - [2022-07-26 21:11:01,448] {dagbag.py:508} INFO - Filling up the DagBag from /home/airflow/.local/lib/python3.7/site-packages/airflow/example_dags/example_branch_datetime_operator.py
[2022-07-26 21:11:01,473] {processor.py:651} INFO - DAG(s) dict_keys(['example_branch_datetime_operator', 'example_branch_datetime_operator_2']) retrieved from /home/airflow/.local/lib/python3.7/site-packages/airflow/example_dags/example_branch_datetime_operator.py
[2022-07-26 21:11:01,522] {logging_mixin.py:115} INFO - [2022-07-26 21:11:01,521] {dag.py:2420} INFO - Sync 2 DAGs
[2022-07-26 21:11:01,552] {logging_mixin.py:115} INFO - [2022-07-26 21:11:01,552] {dag.py:2972} INFO - Setting next_dagrun for example_branch_datetime_operator to 2022-07-25T00:00:00+00:00, run_after=2022-07-26T00:00:00+00:00
[2022-07-26 21:11:01,554] {logging_mixin.py:115} INFO - [2022-07-26 21:11:01,554] {dag.py:2972} INFO - Setting next_dagrun for example_branch_datetime_operator_2 to 2022-07-25T00:00:00+00:00, run_after=2022-07-26T00:00:00+00:00
[2022-07-26 21:11:01,987] {processor.py:161} INFO - Processing /home/airflow/.local/lib/python3.7/site-packages/airflow/example_dags/example_branch_datetime_operator.py took 0.547 seconds
