[2022-07-26 21:07:57,644] {processor.py:153} INFO - Started process (PID=67) to work on /home/airflow/.local/lib/python3.7/site-packages/airflow/example_dags/example_local_kubernetes_executor.py
[2022-07-26 21:07:57,645] {processor.py:641} INFO - Processing file /home/airflow/.local/lib/python3.7/site-packages/airflow/example_dags/example_local_kubernetes_executor.py for tasks to queue
[2022-07-26 21:07:57,646] {logging_mixin.py:115} INFO - [2022-07-26 21:07:57,646] {dagbag.py:508} INFO - Filling up the DagBag from /home/airflow/.local/lib/python3.7/site-packages/airflow/example_dags/example_local_kubernetes_executor.py
[2022-07-26 21:07:57,668] {processor.py:651} INFO - DAG(s) dict_keys(['example_local_kubernetes_executor']) retrieved from /home/airflow/.local/lib/python3.7/site-packages/airflow/example_dags/example_local_kubernetes_executor.py
[2022-07-26 21:07:57,791] {logging_mixin.py:115} INFO - [2022-07-26 21:07:57,791] {manager.py:508} INFO - Created Permission View: can delete on DAG:example_local_kubernetes_executor
[2022-07-26 21:07:57,832] {logging_mixin.py:115} INFO - [2022-07-26 21:07:57,831] {manager.py:508} INFO - Created Permission View: can edit on DAG:example_local_kubernetes_executor
[2022-07-26 21:07:57,862] {logging_mixin.py:115} INFO - [2022-07-26 21:07:57,862] {manager.py:508} INFO - Created Permission View: can read on DAG:example_local_kubernetes_executor
[2022-07-26 21:07:57,863] {logging_mixin.py:115} INFO - [2022-07-26 21:07:57,862] {dag.py:2420} INFO - Sync 1 DAGs
[2022-07-26 21:07:57,874] {logging_mixin.py:115} INFO - [2022-07-26 21:07:57,874] {dag.py:2439} INFO - Creating ORM DAG for example_local_kubernetes_executor
[2022-07-26 21:07:57,886] {logging_mixin.py:115} INFO - [2022-07-26 21:07:57,885] {dag.py:2972} INFO - Setting next_dagrun for example_local_kubernetes_executor to None, run_after=None
[2022-07-26 21:07:57,968] {processor.py:161} INFO - Processing /home/airflow/.local/lib/python3.7/site-packages/airflow/example_dags/example_local_kubernetes_executor.py took 0.327 seconds
[2022-07-26 21:08:28,031] {processor.py:153} INFO - Started process (PID=119) to work on /home/airflow/.local/lib/python3.7/site-packages/airflow/example_dags/example_local_kubernetes_executor.py
[2022-07-26 21:08:28,031] {processor.py:641} INFO - Processing file /home/airflow/.local/lib/python3.7/site-packages/airflow/example_dags/example_local_kubernetes_executor.py for tasks to queue
[2022-07-26 21:08:28,032] {logging_mixin.py:115} INFO - [2022-07-26 21:08:28,032] {dagbag.py:508} INFO - Filling up the DagBag from /home/airflow/.local/lib/python3.7/site-packages/airflow/example_dags/example_local_kubernetes_executor.py
[2022-07-26 21:08:28,048] {processor.py:651} INFO - DAG(s) dict_keys(['example_local_kubernetes_executor']) retrieved from /home/airflow/.local/lib/python3.7/site-packages/airflow/example_dags/example_local_kubernetes_executor.py
[2022-07-26 21:08:28,071] {logging_mixin.py:115} INFO - [2022-07-26 21:08:28,071] {dag.py:2420} INFO - Sync 1 DAGs
[2022-07-26 21:08:28,093] {logging_mixin.py:115} INFO - [2022-07-26 21:08:28,092] {dag.py:2972} INFO - Setting next_dagrun for example_local_kubernetes_executor to None, run_after=None
[2022-07-26 21:08:28,131] {processor.py:161} INFO - Processing /home/airflow/.local/lib/python3.7/site-packages/airflow/example_dags/example_local_kubernetes_executor.py took 0.103 seconds
[2022-07-26 21:08:58,378] {processor.py:153} INFO - Started process (PID=181) to work on /home/airflow/.local/lib/python3.7/site-packages/airflow/example_dags/example_local_kubernetes_executor.py
[2022-07-26 21:08:58,379] {processor.py:641} INFO - Processing file /home/airflow/.local/lib/python3.7/site-packages/airflow/example_dags/example_local_kubernetes_executor.py for tasks to queue
[2022-07-26 21:08:58,380] {logging_mixin.py:115} INFO - [2022-07-26 21:08:58,380] {dagbag.py:508} INFO - Filling up the DagBag from /home/airflow/.local/lib/python3.7/site-packages/airflow/example_dags/example_local_kubernetes_executor.py
[2022-07-26 21:08:58,403] {processor.py:651} INFO - DAG(s) dict_keys(['example_local_kubernetes_executor']) retrieved from /home/airflow/.local/lib/python3.7/site-packages/airflow/example_dags/example_local_kubernetes_executor.py
[2022-07-26 21:08:58,449] {logging_mixin.py:115} INFO - [2022-07-26 21:08:58,448] {dag.py:2420} INFO - Sync 1 DAGs
[2022-07-26 21:08:58,479] {logging_mixin.py:115} INFO - [2022-07-26 21:08:58,479] {dag.py:2972} INFO - Setting next_dagrun for example_local_kubernetes_executor to None, run_after=None
[2022-07-26 21:08:58,524] {processor.py:161} INFO - Processing /home/airflow/.local/lib/python3.7/site-packages/airflow/example_dags/example_local_kubernetes_executor.py took 0.149 seconds
[2022-07-26 21:09:29,811] {processor.py:153} INFO - Started process (PID=244) to work on /home/airflow/.local/lib/python3.7/site-packages/airflow/example_dags/example_local_kubernetes_executor.py
[2022-07-26 21:09:29,813] {processor.py:641} INFO - Processing file /home/airflow/.local/lib/python3.7/site-packages/airflow/example_dags/example_local_kubernetes_executor.py for tasks to queue
[2022-07-26 21:09:29,814] {logging_mixin.py:115} INFO - [2022-07-26 21:09:29,814] {dagbag.py:508} INFO - Filling up the DagBag from /home/airflow/.local/lib/python3.7/site-packages/airflow/example_dags/example_local_kubernetes_executor.py
[2022-07-26 21:09:29,868] {processor.py:651} INFO - DAG(s) dict_keys(['example_local_kubernetes_executor']) retrieved from /home/airflow/.local/lib/python3.7/site-packages/airflow/example_dags/example_local_kubernetes_executor.py
[2022-07-26 21:09:29,942] {logging_mixin.py:115} INFO - [2022-07-26 21:09:29,942] {dag.py:2420} INFO - Sync 1 DAGs
[2022-07-26 21:09:30,018] {logging_mixin.py:115} INFO - [2022-07-26 21:09:30,018] {dag.py:2972} INFO - Setting next_dagrun for example_local_kubernetes_executor to None, run_after=None
[2022-07-26 21:09:30,077] {processor.py:161} INFO - Processing /home/airflow/.local/lib/python3.7/site-packages/airflow/example_dags/example_local_kubernetes_executor.py took 0.276 seconds
[2022-07-26 21:10:00,313] {processor.py:153} INFO - Started process (PID=296) to work on /home/airflow/.local/lib/python3.7/site-packages/airflow/example_dags/example_local_kubernetes_executor.py
[2022-07-26 21:10:00,314] {processor.py:641} INFO - Processing file /home/airflow/.local/lib/python3.7/site-packages/airflow/example_dags/example_local_kubernetes_executor.py for tasks to queue
[2022-07-26 21:10:00,315] {logging_mixin.py:115} INFO - [2022-07-26 21:10:00,315] {dagbag.py:508} INFO - Filling up the DagBag from /home/airflow/.local/lib/python3.7/site-packages/airflow/example_dags/example_local_kubernetes_executor.py
[2022-07-26 21:10:00,335] {processor.py:651} INFO - DAG(s) dict_keys(['example_local_kubernetes_executor']) retrieved from /home/airflow/.local/lib/python3.7/site-packages/airflow/example_dags/example_local_kubernetes_executor.py
[2022-07-26 21:10:00,362] {logging_mixin.py:115} INFO - [2022-07-26 21:10:00,361] {dag.py:2420} INFO - Sync 1 DAGs
[2022-07-26 21:10:00,385] {logging_mixin.py:115} INFO - [2022-07-26 21:10:00,384] {dag.py:2972} INFO - Setting next_dagrun for example_local_kubernetes_executor to None, run_after=None
[2022-07-26 21:10:00,786] {processor.py:161} INFO - Processing /home/airflow/.local/lib/python3.7/site-packages/airflow/example_dags/example_local_kubernetes_executor.py took 0.476 seconds
[2022-07-26 21:10:31,099] {processor.py:153} INFO - Started process (PID=357) to work on /home/airflow/.local/lib/python3.7/site-packages/airflow/example_dags/example_local_kubernetes_executor.py
[2022-07-26 21:10:31,100] {processor.py:641} INFO - Processing file /home/airflow/.local/lib/python3.7/site-packages/airflow/example_dags/example_local_kubernetes_executor.py for tasks to queue
[2022-07-26 21:10:31,101] {logging_mixin.py:115} INFO - [2022-07-26 21:10:31,101] {dagbag.py:508} INFO - Filling up the DagBag from /home/airflow/.local/lib/python3.7/site-packages/airflow/example_dags/example_local_kubernetes_executor.py
[2022-07-26 21:10:31,123] {processor.py:651} INFO - DAG(s) dict_keys(['example_local_kubernetes_executor']) retrieved from /home/airflow/.local/lib/python3.7/site-packages/airflow/example_dags/example_local_kubernetes_executor.py
[2022-07-26 21:10:31,148] {logging_mixin.py:115} INFO - [2022-07-26 21:10:31,148] {dag.py:2420} INFO - Sync 1 DAGs
[2022-07-26 21:10:31,173] {logging_mixin.py:115} INFO - [2022-07-26 21:10:31,172] {dag.py:2972} INFO - Setting next_dagrun for example_local_kubernetes_executor to None, run_after=None
[2022-07-26 21:10:31,262] {processor.py:161} INFO - Processing /home/airflow/.local/lib/python3.7/site-packages/airflow/example_dags/example_local_kubernetes_executor.py took 0.166 seconds
[2022-07-26 21:11:02,136] {processor.py:153} INFO - Started process (PID=410) to work on /home/airflow/.local/lib/python3.7/site-packages/airflow/example_dags/example_local_kubernetes_executor.py
[2022-07-26 21:11:02,137] {processor.py:641} INFO - Processing file /home/airflow/.local/lib/python3.7/site-packages/airflow/example_dags/example_local_kubernetes_executor.py for tasks to queue
[2022-07-26 21:11:02,138] {logging_mixin.py:115} INFO - [2022-07-26 21:11:02,138] {dagbag.py:508} INFO - Filling up the DagBag from /home/airflow/.local/lib/python3.7/site-packages/airflow/example_dags/example_local_kubernetes_executor.py
[2022-07-26 21:11:02,157] {processor.py:651} INFO - DAG(s) dict_keys(['example_local_kubernetes_executor']) retrieved from /home/airflow/.local/lib/python3.7/site-packages/airflow/example_dags/example_local_kubernetes_executor.py
[2022-07-26 21:11:02,188] {logging_mixin.py:115} INFO - [2022-07-26 21:11:02,188] {dag.py:2420} INFO - Sync 1 DAGs
[2022-07-26 21:11:02,212] {logging_mixin.py:115} INFO - [2022-07-26 21:11:02,211] {dag.py:2972} INFO - Setting next_dagrun for example_local_kubernetes_executor to None, run_after=None
[2022-07-26 21:11:02,241] {processor.py:161} INFO - Processing /home/airflow/.local/lib/python3.7/site-packages/airflow/example_dags/example_local_kubernetes_executor.py took 0.108 seconds
